[13-Mar-2019 00:08:35 UTC] PHP Warning:  include(../../inc/dbConnection.php): failed to open stream: No such file or directory in /home/ubuntu/workspace/cst336/labs/lab6/api/getSearchResults.php on line 3
[13-Mar-2019 00:08:35 UTC] PHP Stack trace:
[13-Mar-2019 00:08:35 UTC] PHP   1. {main}() /home/ubuntu/workspace/cst336/labs/lab6/api/getSearchResults.php:0
[13-Mar-2019 00:08:35 UTC] PHP Warning:  include(): Failed opening '../../inc/dbConnection.php' for inclusion (include_path='.:/usr/share/php:/usr/share/pear') in /home/ubuntu/workspace/cst336/labs/lab6/api/getSearchResults.php on line 3
[13-Mar-2019 00:08:35 UTC] PHP Stack trace:
[13-Mar-2019 00:08:35 UTC] PHP   1. {main}() /home/ubuntu/workspace/cst336/labs/lab6/api/getSearchResults.php:0
[13-Mar-2019 00:08:35 UTC] PHP Fatal error:  Call to undefined function getDatabaseConnection() in /home/ubuntu/workspace/cst336/labs/lab6/api/getSearchResults.php on line 5
[13-Mar-2019 00:08:35 UTC] PHP Stack trace:
[13-Mar-2019 00:08:35 UTC] PHP   1. {main}() /home/ubuntu/workspace/cst336/labs/lab6/api/getSearchResults.php:0
[13-Mar-2019 00:18:05 UTC] PHP Fatal error:  Uncaught exception 'PDOException' with message 'SQLSTATE[42000]: Syntax error or access violation: 1064 You have an error in your SQL syntax; check the manual that corresponds to your MySQL server version for the right syntax to use near '--%'' at line 1' in /home/ubuntu/workspace/cst336/labs/lab6/api/getSearchResults.php:10
Stack trace:
#0 /home/ubuntu/workspace/cst336/labs/lab6/api/getSearchResults.php(10): PDOStatement->execute()
#1 {main}
  thrown in /home/ubuntu/workspace/cst336/labs/lab6/api/getSearchResults.php on line 10
[13-Mar-2019 00:18:17 UTC] PHP Fatal error:  Uncaught exception 'PDOException' with message 'SQLSTATE[42000]: Syntax error or access violation: 1064 You have an error in your SQL syntax; check the manual that corresponds to your MySQL server version for the right syntax to use near ');--%'' at line 1' in /home/ubuntu/workspace/cst336/labs/lab6/api/getSearchResults.php:10
Stack trace:
#0 /home/ubuntu/workspace/cst336/labs/lab6/api/getSearchResults.php(10): PDOStatement->execute()
#1 {main}
  thrown in /home/ubuntu/workspace/cst336/labs/lab6/api/getSearchResults.php on line 10
[13-Mar-2019 00:30:06 UTC] PHP Fatal error:  Uncaught exception 'PDOException' with message 'SQLSTATE[HY093]: Invalid parameter number: no parameters were bound' in /home/ubuntu/workspace/cst336/labs/lab6/api/getSearchResults.php:18
Stack trace:
#0 /home/ubuntu/workspace/cst336/labs/lab6/api/getSearchResults.php(18): PDOStatement->execute()
#1 {main}
  thrown in /home/ubuntu/workspace/cst336/labs/lab6/api/getSearchResults.php on line 18
[13-Mar-2019 00:31:12 UTC] PHP Fatal error:  Uncaught exception 'PDOException' with message 'SQLSTATE[HY093]: Invalid parameter number: parameter was not defined' in /home/ubuntu/workspace/cst336/labs/lab6/api/getSearchResults.php:18
Stack trace:
#0 /home/ubuntu/workspace/cst336/labs/lab6/api/getSearchResults.php(18): PDOStatement->execute(Array)
#1 {main}
  thrown in /home/ubuntu/workspace/cst336/labs/lab6/api/getSearchResults.php on line 18
[22-Mar-2019 02:02:59 UTC] PHP Warning:  include(../../../inc/dbConnection.php): failed to open stream: No such file or directory in /home/ubuntu/workspace/cst336/labs/lab6/api/getCategories.php on line 2
[22-Mar-2019 02:02:59 UTC] PHP Stack trace:
[22-Mar-2019 02:02:59 UTC] PHP   1. {main}() /home/ubuntu/workspace/cst336/labs/lab6/api/getCategories.php:0
[22-Mar-2019 02:02:59 UTC] PHP Warning:  include(): Failed opening '../../../inc/dbConnection.php' for inclusion (include_path='.:/usr/share/php:/usr/share/pear') in /home/ubuntu/workspace/cst336/labs/lab6/api/getCategories.php on line 2
[22-Mar-2019 02:02:59 UTC] PHP Stack trace:
[22-Mar-2019 02:02:59 UTC] PHP   1. {main}() /home/ubuntu/workspace/cst336/labs/lab6/api/getCategories.php:0
[22-Mar-2019 02:02:59 UTC] PHP Fatal error:  Call to undefined function getDatabaseConnection() in /home/ubuntu/workspace/cst336/labs/lab6/api/getCategories.php on line 3
[22-Mar-2019 02:02:59 UTC] PHP Stack trace:
[22-Mar-2019 02:02:59 UTC] PHP   1. {main}() /home/ubuntu/workspace/cst336/labs/lab6/api/getCategories.php:0
[22-Mar-2019 02:55:12 UTC] PHP Warning:  include(../../../inc/dbConnection.php): failed to open stream: No such file or directory in /home/ubuntu/workspace/cst336/labs/lab6/api/getCategories.php on line 2
[22-Mar-2019 02:55:12 UTC] PHP Stack trace:
[22-Mar-2019 02:55:12 UTC] PHP   1. {main}() /home/ubuntu/workspace/cst336/labs/lab6/api/getCategories.php:0
[22-Mar-2019 02:55:12 UTC] PHP Warning:  include(): Failed opening '../../../inc/dbConnection.php' for inclusion (include_path='.:/usr/share/php:/usr/share/pear') in /home/ubuntu/workspace/cst336/labs/lab6/api/getCategories.php on line 2
[22-Mar-2019 02:55:12 UTC] PHP Stack trace:
[22-Mar-2019 02:55:12 UTC] PHP   1. {main}() /home/ubuntu/workspace/cst336/labs/lab6/api/getCategories.php:0
[22-Mar-2019 02:55:12 UTC] PHP Fatal error:  Call to undefined function getDatabaseConnection() in /home/ubuntu/workspace/cst336/labs/lab6/api/getCategories.php on line 3
[22-Mar-2019 02:55:12 UTC] PHP Stack trace:
[22-Mar-2019 02:55:12 UTC] PHP   1. {main}() /home/ubuntu/workspace/cst336/labs/lab6/api/getCategories.php:0
[22-Mar-2019 02:55:17 UTC] PHP Warning:  include(../../../inc/dbConnection.php): failed to open stream: No such file or directory in /home/ubuntu/workspace/cst336/labs/lab6/api/getCategories.php on line 2
[22-Mar-2019 02:55:17 UTC] PHP Stack trace:
[22-Mar-2019 02:55:17 UTC] PHP   1. {main}() /home/ubuntu/workspace/cst336/labs/lab6/api/getCategories.php:0
[22-Mar-2019 02:55:17 UTC] PHP Warning:  include(): Failed opening '../../../inc/dbConnection.php' for inclusion (include_path='.:/usr/share/php:/usr/share/pear') in /home/ubuntu/workspace/cst336/labs/lab6/api/getCategories.php on line 2
[22-Mar-2019 02:55:17 UTC] PHP Stack trace:
[22-Mar-2019 02:55:17 UTC] PHP   1. {main}() /home/ubuntu/workspace/cst336/labs/lab6/api/getCategories.php:0
[22-Mar-2019 02:55:17 UTC] PHP Fatal error:  Call to undefined function getDatabaseConnection() in /home/ubuntu/workspace/cst336/labs/lab6/api/getCategories.php on line 3
[22-Mar-2019 02:55:17 UTC] PHP Stack trace:
[22-Mar-2019 02:55:17 UTC] PHP   1. {main}() /home/ubuntu/workspace/cst336/labs/lab6/api/getCategories.php:0
[22-Mar-2019 03:01:55 UTC] PHP Warning:  include(../../../inc/dbConnection.php): failed to open stream: No such file or directory in /home/ubuntu/workspace/cst336/labs/lab6/api/getCategories.php on line 2
[22-Mar-2019 03:01:55 UTC] PHP Stack trace:
[22-Mar-2019 03:01:55 UTC] PHP   1. {main}() /home/ubuntu/workspace/cst336/labs/lab6/api/getCategories.php:0
[22-Mar-2019 03:01:55 UTC] PHP Warning:  include(): Failed opening '../../../inc/dbConnection.php' for inclusion (include_path='.:/usr/share/php:/usr/share/pear') in /home/ubuntu/workspace/cst336/labs/lab6/api/getCategories.php on line 2
[22-Mar-2019 03:01:55 UTC] PHP Stack trace:
[22-Mar-2019 03:01:55 UTC] PHP   1. {main}() /home/ubuntu/workspace/cst336/labs/lab6/api/getCategories.php:0
[22-Mar-2019 03:01:55 UTC] PHP Fatal error:  Call to undefined function getDatabaseConnection() in /home/ubuntu/workspace/cst336/labs/lab6/api/getCategories.php on line 3
[22-Mar-2019 03:01:55 UTC] PHP Stack trace:
[22-Mar-2019 03:01:55 UTC] PHP   1. {main}() /home/ubuntu/workspace/cst336/labs/lab6/api/getCategories.php:0
[22-Mar-2019 03:02:01 UTC] PHP Warning:  include(../../../inc/dbConnection.php): failed to open stream: No such file or directory in /home/ubuntu/workspace/cst336/labs/lab6/api/getCategories.php on line 2
[22-Mar-2019 03:02:01 UTC] PHP Stack trace:
[22-Mar-2019 03:02:01 UTC] PHP   1. {main}() /home/ubuntu/workspace/cst336/labs/lab6/api/getCategories.php:0
[22-Mar-2019 03:02:01 UTC] PHP Warning:  include(): Failed opening '../../../inc/dbConnection.php' for inclusion (include_path='.:/usr/share/php:/usr/share/pear') in /home/ubuntu/workspace/cst336/labs/lab6/api/getCategories.php on line 2
[22-Mar-2019 03:02:01 UTC] PHP Stack trace:
[22-Mar-2019 03:02:01 UTC] PHP   1. {main}() /home/ubuntu/workspace/cst336/labs/lab6/api/getCategories.php:0
[22-Mar-2019 03:02:01 UTC] PHP Fatal error:  Call to undefined function getDatabaseConnection() in /home/ubuntu/workspace/cst336/labs/lab6/api/getCategories.php on line 3
[22-Mar-2019 03:02:01 UTC] PHP Stack trace:
[22-Mar-2019 03:02:01 UTC] PHP   1. {main}() /home/ubuntu/workspace/cst336/labs/lab6/api/getCategories.php:0
[22-Mar-2019 03:02:30 UTC] PHP Warning:  include(../../../inc/dbConnection.php): failed to open stream: No such file or directory in /home/ubuntu/workspace/cst336/labs/lab6/api/getCategories.php on line 2
[22-Mar-2019 03:02:30 UTC] PHP Stack trace:
[22-Mar-2019 03:02:30 UTC] PHP   1. {main}() /home/ubuntu/workspace/cst336/labs/lab6/api/getCategories.php:0
[22-Mar-2019 03:02:30 UTC] PHP Warning:  include(): Failed opening '../../../inc/dbConnection.php' for inclusion (include_path='.:/usr/share/php:/usr/share/pear') in /home/ubuntu/workspace/cst336/labs/lab6/api/getCategories.php on line 2
[22-Mar-2019 03:02:30 UTC] PHP Stack trace:
[22-Mar-2019 03:02:30 UTC] PHP   1. {main}() /home/ubuntu/workspace/cst336/labs/lab6/api/getCategories.php:0
[22-Mar-2019 03:02:30 UTC] PHP Fatal error:  Call to undefined function getDatabaseConnection() in /home/ubuntu/workspace/cst336/labs/lab6/api/getCategories.php on line 3
[22-Mar-2019 03:02:30 UTC] PHP Stack trace:
[22-Mar-2019 03:02:30 UTC] PHP   1. {main}() /home/ubuntu/workspace/cst336/labs/lab6/api/getCategories.php:0
[22-Mar-2019 04:18:57 UTC] PHP Warning:  include(../../../inc/dbConnection.php): failed to open stream: No such file or directory in /home/ubuntu/workspace/cst336/labs/lab6/api/getCategories.php on line 2
[22-Mar-2019 04:18:57 UTC] PHP Stack trace:
[22-Mar-2019 04:18:57 UTC] PHP   1. {main}() /home/ubuntu/workspace/cst336/labs/lab6/api/getCategories.php:0
[22-Mar-2019 04:18:57 UTC] PHP Warning:  include(): Failed opening '../../../inc/dbConnection.php' for inclusion (include_path='.:/usr/share/php:/usr/share/pear') in /home/ubuntu/workspace/cst336/labs/lab6/api/getCategories.php on line 2
[22-Mar-2019 04:18:57 UTC] PHP Stack trace:
[22-Mar-2019 04:18:57 UTC] PHP   1. {main}() /home/ubuntu/workspace/cst336/labs/lab6/api/getCategories.php:0
[22-Mar-2019 04:18:57 UTC] PHP Fatal error:  Call to undefined function getDatabaseConnection() in /home/ubuntu/workspace/cst336/labs/lab6/api/getCategories.php on line 3
[22-Mar-2019 04:18:57 UTC] PHP Stack trace:
[22-Mar-2019 04:18:57 UTC] PHP   1. {main}() /home/ubuntu/workspace/cst336/labs/lab6/api/getCategories.php:0
[22-Mar-2019 04:19:08 UTC] PHP Warning:  include(../../../inc/dbConnection.php): failed to open stream: No such file or directory in /home/ubuntu/workspace/cst336/labs/lab6/api/getCategories.php on line 2
[22-Mar-2019 04:19:08 UTC] PHP Stack trace:
[22-Mar-2019 04:19:08 UTC] PHP   1. {main}() /home/ubuntu/workspace/cst336/labs/lab6/api/getCategories.php:0
[22-Mar-2019 04:19:08 UTC] PHP Warning:  include(): Failed opening '../../../inc/dbConnection.php' for inclusion (include_path='.:/usr/share/php:/usr/share/pear') in /home/ubuntu/workspace/cst336/labs/lab6/api/getCategories.php on line 2
[22-Mar-2019 04:19:08 UTC] PHP Stack trace:
[22-Mar-2019 04:19:08 UTC] PHP   1. {main}() /home/ubuntu/workspace/cst336/labs/lab6/api/getCategories.php:0
[22-Mar-2019 04:19:08 UTC] PHP Fatal error:  Call to undefined function getDatabaseConnection() in /home/ubuntu/workspace/cst336/labs/lab6/api/getCategories.php on line 3
[22-Mar-2019 04:19:08 UTC] PHP Stack trace:
[22-Mar-2019 04:19:08 UTC] PHP   1. {main}() /home/ubuntu/workspace/cst336/labs/lab6/api/getCategories.php:0
[22-Mar-2019 04:22:43 UTC] PHP Warning:  include(../../../inc/dbConnection.php): failed to open stream: No such file or directory in /home/ubuntu/workspace/cst336/labs/lab6/api/getCategories.php on line 2
[22-Mar-2019 04:22:43 UTC] PHP Stack trace:
[22-Mar-2019 04:22:43 UTC] PHP   1. {main}() /home/ubuntu/workspace/cst336/labs/lab6/api/getCategories.php:0
[22-Mar-2019 04:22:43 UTC] PHP Warning:  include(): Failed opening '../../../inc/dbConnection.php' for inclusion (include_path='.:/usr/share/php:/usr/share/pear') in /home/ubuntu/workspace/cst336/labs/lab6/api/getCategories.php on line 2
[22-Mar-2019 04:22:43 UTC] PHP Stack trace:
[22-Mar-2019 04:22:43 UTC] PHP   1. {main}() /home/ubuntu/workspace/cst336/labs/lab6/api/getCategories.php:0
[22-Mar-2019 04:22:43 UTC] PHP Fatal error:  Call to undefined function getDatabaseConnection() in /home/ubuntu/workspace/cst336/labs/lab6/api/getCategories.php on line 3
[22-Mar-2019 04:22:43 UTC] PHP Stack trace:
[22-Mar-2019 04:22:43 UTC] PHP   1. {main}() /home/ubuntu/workspace/cst336/labs/lab6/api/getCategories.php:0
[22-Mar-2019 04:23:15 UTC] PHP Warning:  include(../../../inc/dbConnection.php): failed to open stream: No such file or directory in /home/ubuntu/workspace/cst336/labs/lab6/api/getCategories.php on line 2
[22-Mar-2019 04:23:15 UTC] PHP Stack trace:
[22-Mar-2019 04:23:15 UTC] PHP   1. {main}() /home/ubuntu/workspace/cst336/labs/lab6/api/getCategories.php:0
[22-Mar-2019 04:23:15 UTC] PHP Warning:  include(): Failed opening '../../../inc/dbConnection.php' for inclusion (include_path='.:/usr/share/php:/usr/share/pear') in /home/ubuntu/workspace/cst336/labs/lab6/api/getCategories.php on line 2
[22-Mar-2019 04:23:15 UTC] PHP Stack trace:
[22-Mar-2019 04:23:15 UTC] PHP   1. {main}() /home/ubuntu/workspace/cst336/labs/lab6/api/getCategories.php:0
[22-Mar-2019 04:23:15 UTC] PHP Fatal error:  Call to undefined function getDatabaseConnection() in /home/ubuntu/workspace/cst336/labs/lab6/api/getCategories.php on line 3
[22-Mar-2019 04:23:15 UTC] PHP Stack trace:
[22-Mar-2019 04:23:15 UTC] PHP   1. {main}() /home/ubuntu/workspace/cst336/labs/lab6/api/getCategories.php:0
[22-Mar-2019 04:23:17 UTC] PHP Warning:  include(../../../inc/dbConnection.php): failed to open stream: No such file or directory in /home/ubuntu/workspace/cst336/labs/lab6/api/getCategories.php on line 2
[22-Mar-2019 04:23:17 UTC] PHP Stack trace:
[22-Mar-2019 04:23:17 UTC] PHP   1. {main}() /home/ubuntu/workspace/cst336/labs/lab6/api/getCategories.php:0
[22-Mar-2019 04:23:17 UTC] PHP Warning:  include(): Failed opening '../../../inc/dbConnection.php' for inclusion (include_path='.:/usr/share/php:/usr/share/pear') in /home/ubuntu/workspace/cst336/labs/lab6/api/getCategories.php on line 2
[22-Mar-2019 04:23:17 UTC] PHP Stack trace:
[22-Mar-2019 04:23:17 UTC] PHP   1. {main}() /home/ubuntu/workspace/cst336/labs/lab6/api/getCategories.php:0
[22-Mar-2019 04:23:17 UTC] PHP Fatal error:  Call to undefined function getDatabaseConnection() in /home/ubuntu/workspace/cst336/labs/lab6/api/getCategories.php on line 3
[22-Mar-2019 04:23:17 UTC] PHP Stack trace:
[22-Mar-2019 04:23:17 UTC] PHP   1. {main}() /home/ubuntu/workspace/cst336/labs/lab6/api/getCategories.php:0
[22-Mar-2019 04:23:19 UTC] PHP Warning:  include(../../../inc/dbConnection.php): failed to open stream: No such file or directory in /home/ubuntu/workspace/cst336/labs/lab6/api/getCategories.php on line 2
[22-Mar-2019 04:23:19 UTC] PHP Stack trace:
[22-Mar-2019 04:23:19 UTC] PHP   1. {main}() /home/ubuntu/workspace/cst336/labs/lab6/api/getCategories.php:0
[22-Mar-2019 04:23:19 UTC] PHP Warning:  include(): Failed opening '../../../inc/dbConnection.php' for inclusion (include_path='.:/usr/share/php:/usr/share/pear') in /home/ubuntu/workspace/cst336/labs/lab6/api/getCategories.php on line 2
[22-Mar-2019 04:23:19 UTC] PHP Stack trace:
[22-Mar-2019 04:23:19 UTC] PHP   1. {main}() /home/ubuntu/workspace/cst336/labs/lab6/api/getCategories.php:0
[22-Mar-2019 04:23:19 UTC] PHP Fatal error:  Call to undefined function getDatabaseConnection() in /home/ubuntu/workspace/cst336/labs/lab6/api/getCategories.php on line 3
[22-Mar-2019 04:23:19 UTC] PHP Stack trace:
[22-Mar-2019 04:23:19 UTC] PHP   1. {main}() /home/ubuntu/workspace/cst336/labs/lab6/api/getCategories.php:0
[22-Mar-2019 04:23:21 UTC] PHP Warning:  include(../../../inc/dbConnection.php): failed to open stream: No such file or directory in /home/ubuntu/workspace/cst336/labs/lab6/api/getCategories.php on line 2
[22-Mar-2019 04:23:21 UTC] PHP Stack trace:
[22-Mar-2019 04:23:21 UTC] PHP   1. {main}() /home/ubuntu/workspace/cst336/labs/lab6/api/getCategories.php:0
[22-Mar-2019 04:23:21 UTC] PHP Warning:  include(): Failed opening '../../../inc/dbConnection.php' for inclusion (include_path='.:/usr/share/php:/usr/share/pear') in /home/ubuntu/workspace/cst336/labs/lab6/api/getCategories.php on line 2
[22-Mar-2019 04:23:21 UTC] PHP Stack trace:
[22-Mar-2019 04:23:21 UTC] PHP   1. {main}() /home/ubuntu/workspace/cst336/labs/lab6/api/getCategories.php:0
[22-Mar-2019 04:23:21 UTC] PHP Fatal error:  Call to undefined function getDatabaseConnection() in /home/ubuntu/workspace/cst336/labs/lab6/api/getCategories.php on line 3
[22-Mar-2019 04:23:21 UTC] PHP Stack trace:
[22-Mar-2019 04:23:21 UTC] PHP   1. {main}() /home/ubuntu/workspace/cst336/labs/lab6/api/getCategories.php:0
[22-Mar-2019 04:24:15 UTC] PHP Warning:  include(/dbConnection.php): failed to open stream: No such file or directory in /home/ubuntu/workspace/cst336/labs/lab6/api/getCategories.php on line 2
[22-Mar-2019 04:24:15 UTC] PHP Stack trace:
[22-Mar-2019 04:24:15 UTC] PHP   1. {main}() /home/ubuntu/workspace/cst336/labs/lab6/api/getCategories.php:0
[22-Mar-2019 04:24:15 UTC] PHP Warning:  include(): Failed opening '/dbConnection.php' for inclusion (include_path='.:/usr/share/php:/usr/share/pear') in /home/ubuntu/workspace/cst336/labs/lab6/api/getCategories.php on line 2
[22-Mar-2019 04:24:15 UTC] PHP Stack trace:
[22-Mar-2019 04:24:15 UTC] PHP   1. {main}() /home/ubuntu/workspace/cst336/labs/lab6/api/getCategories.php:0
[22-Mar-2019 04:24:15 UTC] PHP Fatal error:  Call to undefined function getDatabaseConnection() in /home/ubuntu/workspace/cst336/labs/lab6/api/getCategories.php on line 3
[22-Mar-2019 04:24:15 UTC] PHP Stack trace:
[22-Mar-2019 04:24:15 UTC] PHP   1. {main}() /home/ubuntu/workspace/cst336/labs/lab6/api/getCategories.php:0
[22-Mar-2019 04:24:16 UTC] PHP Warning:  include(/dbConnection.php): failed to open stream: No such file or directory in /home/ubuntu/workspace/cst336/labs/lab6/api/getCategories.php on line 2
[22-Mar-2019 04:24:16 UTC] PHP Stack trace:
[22-Mar-2019 04:24:16 UTC] PHP   1. {main}() /home/ubuntu/workspace/cst336/labs/lab6/api/getCategories.php:0
[22-Mar-2019 04:24:16 UTC] PHP Warning:  include(): Failed opening '/dbConnection.php' for inclusion (include_path='.:/usr/share/php:/usr/share/pear') in /home/ubuntu/workspace/cst336/labs/lab6/api/getCategories.php on line 2
[22-Mar-2019 04:24:16 UTC] PHP Stack trace:
[22-Mar-2019 04:24:16 UTC] PHP   1. {main}() /home/ubuntu/workspace/cst336/labs/lab6/api/getCategories.php:0
[22-Mar-2019 04:24:16 UTC] PHP Fatal error:  Call to undefined function getDatabaseConnection() in /home/ubuntu/workspace/cst336/labs/lab6/api/getCategories.php on line 3
[22-Mar-2019 04:24:16 UTC] PHP Stack trace:
[22-Mar-2019 04:24:16 UTC] PHP   1. {main}() /home/ubuntu/workspace/cst336/labs/lab6/api/getCategories.php:0
[22-Mar-2019 04:24:18 UTC] PHP Warning:  include(/dbConnection.php): failed to open stream: No such file or directory in /home/ubuntu/workspace/cst336/labs/lab6/api/getCategories.php on line 2
[22-Mar-2019 04:24:18 UTC] PHP Stack trace:
[22-Mar-2019 04:24:18 UTC] PHP   1. {main}() /home/ubuntu/workspace/cst336/labs/lab6/api/getCategories.php:0
[22-Mar-2019 04:24:18 UTC] PHP Warning:  include(): Failed opening '/dbConnection.php' for inclusion (include_path='.:/usr/share/php:/usr/share/pear') in /home/ubuntu/workspace/cst336/labs/lab6/api/getCategories.php on line 2
[22-Mar-2019 04:24:18 UTC] PHP Stack trace:
[22-Mar-2019 04:24:18 UTC] PHP   1. {main}() /home/ubuntu/workspace/cst336/labs/lab6/api/getCategories.php:0
[22-Mar-2019 04:24:18 UTC] PHP Fatal error:  Call to undefined function getDatabaseConnection() in /home/ubuntu/workspace/cst336/labs/lab6/api/getCategories.php on line 3
[22-Mar-2019 04:24:18 UTC] PHP Stack trace:
[22-Mar-2019 04:24:18 UTC] PHP   1. {main}() /home/ubuntu/workspace/cst336/labs/lab6/api/getCategories.php:0
[22-Mar-2019 04:24:41 UTC] PHP Warning:  include(lab6/dbConnection.php): failed to open stream: No such file or directory in /home/ubuntu/workspace/cst336/labs/lab6/api/getCategories.php on line 2
[22-Mar-2019 04:24:41 UTC] PHP Stack trace:
[22-Mar-2019 04:24:41 UTC] PHP   1. {main}() /home/ubuntu/workspace/cst336/labs/lab6/api/getCategories.php:0
[22-Mar-2019 04:24:41 UTC] PHP Warning:  include(): Failed opening 'lab6/dbConnection.php' for inclusion (include_path='.:/usr/share/php:/usr/share/pear') in /home/ubuntu/workspace/cst336/labs/lab6/api/getCategories.php on line 2
[22-Mar-2019 04:24:41 UTC] PHP Stack trace:
[22-Mar-2019 04:24:41 UTC] PHP   1. {main}() /home/ubuntu/workspace/cst336/labs/lab6/api/getCategories.php:0
[22-Mar-2019 04:24:41 UTC] PHP Fatal error:  Call to undefined function getDatabaseConnection() in /home/ubuntu/workspace/cst336/labs/lab6/api/getCategories.php on line 3
[22-Mar-2019 04:24:41 UTC] PHP Stack trace:
[22-Mar-2019 04:24:41 UTC] PHP   1. {main}() /home/ubuntu/workspace/cst336/labs/lab6/api/getCategories.php:0
[22-Mar-2019 04:24:42 UTC] PHP Warning:  include(lab6/dbConnection.php): failed to open stream: No such file or directory in /home/ubuntu/workspace/cst336/labs/lab6/api/getCategories.php on line 2
[22-Mar-2019 04:24:42 UTC] PHP Stack trace:
[22-Mar-2019 04:24:42 UTC] PHP   1. {main}() /home/ubuntu/workspace/cst336/labs/lab6/api/getCategories.php:0
[22-Mar-2019 04:24:42 UTC] PHP Warning:  include(): Failed opening 'lab6/dbConnection.php' for inclusion (include_path='.:/usr/share/php:/usr/share/pear') in /home/ubuntu/workspace/cst336/labs/lab6/api/getCategories.php on line 2
[22-Mar-2019 04:24:42 UTC] PHP Stack trace:
[22-Mar-2019 04:24:42 UTC] PHP   1. {main}() /home/ubuntu/workspace/cst336/labs/lab6/api/getCategories.php:0
[22-Mar-2019 04:24:42 UTC] PHP Fatal error:  Call to undefined function getDatabaseConnection() in /home/ubuntu/workspace/cst336/labs/lab6/api/getCategories.php on line 3
[22-Mar-2019 04:24:42 UTC] PHP Stack trace:
[22-Mar-2019 04:24:42 UTC] PHP   1. {main}() /home/ubuntu/workspace/cst336/labs/lab6/api/getCategories.php:0
[22-Mar-2019 04:25:39 UTC] PHP Warning:  include(/dbConnection.php): failed to open stream: No such file or directory in /home/ubuntu/workspace/cst336/labs/lab6/api/getCategories.php on line 2
[22-Mar-2019 04:25:39 UTC] PHP Stack trace:
[22-Mar-2019 04:25:39 UTC] PHP   1. {main}() /home/ubuntu/workspace/cst336/labs/lab6/api/getCategories.php:0
[22-Mar-2019 04:25:39 UTC] PHP Warning:  include(): Failed opening '/dbConnection.php' for inclusion (include_path='.:/usr/share/php:/usr/share/pear') in /home/ubuntu/workspace/cst336/labs/lab6/api/getCategories.php on line 2
[22-Mar-2019 04:25:39 UTC] PHP Stack trace:
[22-Mar-2019 04:25:39 UTC] PHP   1. {main}() /home/ubuntu/workspace/cst336/labs/lab6/api/getCategories.php:0
[22-Mar-2019 04:25:39 UTC] PHP Fatal error:  Call to undefined function getDatabaseConnection() in /home/ubuntu/workspace/cst336/labs/lab6/api/getCategories.php on line 3
[22-Mar-2019 04:25:39 UTC] PHP Stack trace:
[22-Mar-2019 04:25:39 UTC] PHP   1. {main}() /home/ubuntu/workspace/cst336/labs/lab6/api/getCategories.php:0
[22-Mar-2019 04:25:40 UTC] PHP Warning:  include(/dbConnection.php): failed to open stream: No such file or directory in /home/ubuntu/workspace/cst336/labs/lab6/api/getCategories.php on line 2
[22-Mar-2019 04:25:40 UTC] PHP Stack trace:
[22-Mar-2019 04:25:40 UTC] PHP   1. {main}() /home/ubuntu/workspace/cst336/labs/lab6/api/getCategories.php:0
[22-Mar-2019 04:25:40 UTC] PHP Warning:  include(): Failed opening '/dbConnection.php' for inclusion (include_path='.:/usr/share/php:/usr/share/pear') in /home/ubuntu/workspace/cst336/labs/lab6/api/getCategories.php on line 2
[22-Mar-2019 04:25:40 UTC] PHP Stack trace:
[22-Mar-2019 04:25:40 UTC] PHP   1. {main}() /home/ubuntu/workspace/cst336/labs/lab6/api/getCategories.php:0
[22-Mar-2019 04:25:40 UTC] PHP Fatal error:  Call to undefined function getDatabaseConnection() in /home/ubuntu/workspace/cst336/labs/lab6/api/getCategories.php on line 3
[22-Mar-2019 04:25:40 UTC] PHP Stack trace:
[22-Mar-2019 04:25:40 UTC] PHP   1. {main}() /home/ubuntu/workspace/cst336/labs/lab6/api/getCategories.php:0
[22-Mar-2019 04:26:29 UTC] PHP Warning:  include(/dbConnection.php): failed to open stream: No such file or directory in /home/ubuntu/workspace/cst336/labs/lab6/api/getCategories.php on line 2
[22-Mar-2019 04:26:29 UTC] PHP Stack trace:
[22-Mar-2019 04:26:29 UTC] PHP   1. {main}() /home/ubuntu/workspace/cst336/labs/lab6/api/getCategories.php:0
[22-Mar-2019 04:26:29 UTC] PHP Warning:  include(): Failed opening '/dbConnection.php' for inclusion (include_path='.:/usr/share/php:/usr/share/pear') in /home/ubuntu/workspace/cst336/labs/lab6/api/getCategories.php on line 2
[22-Mar-2019 04:26:29 UTC] PHP Stack trace:
[22-Mar-2019 04:26:29 UTC] PHP   1. {main}() /home/ubuntu/workspace/cst336/labs/lab6/api/getCategories.php:0
[22-Mar-2019 04:26:29 UTC] PHP Fatal error:  Call to undefined function getDatabaseConnection() in /home/ubuntu/workspace/cst336/labs/lab6/api/getCategories.php on line 3
[22-Mar-2019 04:26:29 UTC] PHP Stack trace:
[22-Mar-2019 04:26:29 UTC] PHP   1. {main}() /home/ubuntu/workspace/cst336/labs/lab6/api/getCategories.php:0
[22-Mar-2019 04:29:31 UTC] PHP Warning:  include(/dbConnection.php): failed to open stream: No such file or directory in /home/ubuntu/workspace/cst336/labs/lab6/api/getCategories.php on line 2
[22-Mar-2019 04:29:31 UTC] PHP Stack trace:
[22-Mar-2019 04:29:31 UTC] PHP   1. {main}() /home/ubuntu/workspace/cst336/labs/lab6/api/getCategories.php:0
[22-Mar-2019 04:29:31 UTC] PHP Warning:  include(): Failed opening '/dbConnection.php' for inclusion (include_path='.:/usr/share/php:/usr/share/pear') in /home/ubuntu/workspace/cst336/labs/lab6/api/getCategories.php on line 2
[22-Mar-2019 04:29:31 UTC] PHP Stack trace:
[22-Mar-2019 04:29:31 UTC] PHP   1. {main}() /home/ubuntu/workspace/cst336/labs/lab6/api/getCategories.php:0
[22-Mar-2019 04:29:31 UTC] PHP Fatal error:  Call to undefined function getDatabaseConnection() in /home/ubuntu/workspace/cst336/labs/lab6/api/getCategories.php on line 3
[22-Mar-2019 04:29:31 UTC] PHP Stack trace:
[22-Mar-2019 04:29:31 UTC] PHP   1. {main}() /home/ubuntu/workspace/cst336/labs/lab6/api/getCategories.php:0
[22-Mar-2019 04:30:39 UTC] PHP Warning:  include(../../../inc/dbConnection.php): failed to open stream: No such file or directory in /home/ubuntu/workspace/cst336/labs/lab6/api/getCategories.php on line 2
[22-Mar-2019 04:30:39 UTC] PHP Stack trace:
[22-Mar-2019 04:30:39 UTC] PHP   1. {main}() /home/ubuntu/workspace/cst336/labs/lab6/api/getCategories.php:0
[22-Mar-2019 04:30:39 UTC] PHP Warning:  include(): Failed opening '../../../inc/dbConnection.php' for inclusion (include_path='.:/usr/share/php:/usr/share/pear') in /home/ubuntu/workspace/cst336/labs/lab6/api/getCategories.php on line 2
[22-Mar-2019 04:30:39 UTC] PHP Stack trace:
[22-Mar-2019 04:30:39 UTC] PHP   1. {main}() /home/ubuntu/workspace/cst336/labs/lab6/api/getCategories.php:0
[22-Mar-2019 04:30:39 UTC] PHP Fatal error:  Call to undefined function getDatabaseConnection() in /home/ubuntu/workspace/cst336/labs/lab6/api/getCategories.php on line 3
[22-Mar-2019 04:30:39 UTC] PHP Stack trace:
[22-Mar-2019 04:30:39 UTC] PHP   1. {main}() /home/ubuntu/workspace/cst336/labs/lab6/api/getCategories.php:0
[22-Mar-2019 04:31:53 UTC] PHP Warning:  include(../../../inc/dbConnection.php): failed to open stream: No such file or directory in /home/ubuntu/workspace/cst336/labs/lab6/api/getCategories.php on line 2
[22-Mar-2019 04:31:53 UTC] PHP Stack trace:
[22-Mar-2019 04:31:53 UTC] PHP   1. {main}() /home/ubuntu/workspace/cst336/labs/lab6/api/getCategories.php:0
[22-Mar-2019 04:31:53 UTC] PHP Warning:  include(): Failed opening '../../../inc/dbConnection.php' for inclusion (include_path='.:/usr/share/php:/usr/share/pear') in /home/ubuntu/workspace/cst336/labs/lab6/api/getCategories.php on line 2
[22-Mar-2019 04:31:53 UTC] PHP Stack trace:
[22-Mar-2019 04:31:53 UTC] PHP   1. {main}() /home/ubuntu/workspace/cst336/labs/lab6/api/getCategories.php:0
[22-Mar-2019 04:31:53 UTC] PHP Fatal error:  Call to undefined function getDatabaseConnection() in /home/ubuntu/workspace/cst336/labs/lab6/api/getCategories.php on line 3
[22-Mar-2019 04:31:53 UTC] PHP Stack trace:
[22-Mar-2019 04:31:53 UTC] PHP   1. {main}() /home/ubuntu/workspace/cst336/labs/lab6/api/getCategories.php:0
[22-Mar-2019 04:41:18 UTC] PHP Warning:  include(../../../inc/dbConnection.php): failed to open stream: No such file or directory in /home/ubuntu/workspace/cst336/labs/lab6/api/getCategories.php on line 2
[22-Mar-2019 04:41:18 UTC] PHP Stack trace:
[22-Mar-2019 04:41:18 UTC] PHP   1. {main}() /home/ubuntu/workspace/cst336/labs/lab6/api/getCategories.php:0
[22-Mar-2019 04:41:18 UTC] PHP Warning:  include(): Failed opening '../../../inc/dbConnection.php' for inclusion (include_path='.:/usr/share/php:/usr/share/pear') in /home/ubuntu/workspace/cst336/labs/lab6/api/getCategories.php on line 2
[22-Mar-2019 04:41:18 UTC] PHP Stack trace:
[22-Mar-2019 04:41:18 UTC] PHP   1. {main}() /home/ubuntu/workspace/cst336/labs/lab6/api/getCategories.php:0
[22-Mar-2019 04:41:18 UTC] PHP Fatal error:  Call to undefined function getDatabaseConnection() in /home/ubuntu/workspace/cst336/labs/lab6/api/getCategories.php on line 3
[22-Mar-2019 04:41:18 UTC] PHP Stack trace:
[22-Mar-2019 04:41:18 UTC] PHP   1. {main}() /home/ubuntu/workspace/cst336/labs/lab6/api/getCategories.php:0
[22-Mar-2019 04:41:20 UTC] PHP Warning:  include(../../../inc/dbConnection.php): failed to open stream: No such file or directory in /home/ubuntu/workspace/cst336/labs/lab6/api/getCategories.php on line 2
[22-Mar-2019 04:41:20 UTC] PHP Stack trace:
[22-Mar-2019 04:41:20 UTC] PHP   1. {main}() /home/ubuntu/workspace/cst336/labs/lab6/api/getCategories.php:0
[22-Mar-2019 04:41:20 UTC] PHP Warning:  include(): Failed opening '../../../inc/dbConnection.php' for inclusion (include_path='.:/usr/share/php:/usr/share/pear') in /home/ubuntu/workspace/cst336/labs/lab6/api/getCategories.php on line 2
[22-Mar-2019 04:41:20 UTC] PHP Stack trace:
[22-Mar-2019 04:41:20 UTC] PHP   1. {main}() /home/ubuntu/workspace/cst336/labs/lab6/api/getCategories.php:0
[22-Mar-2019 04:41:20 UTC] PHP Fatal error:  Call to undefined function getDatabaseConnection() in /home/ubuntu/workspace/cst336/labs/lab6/api/getCategories.php on line 3
[22-Mar-2019 04:41:20 UTC] PHP Stack trace:
[22-Mar-2019 04:41:20 UTC] PHP   1. {main}() /home/ubuntu/workspace/cst336/labs/lab6/api/getCategories.php:0
[22-Mar-2019 04:41:29 UTC] PHP Warning:  include(../../../inc/dbConnection.php): failed to open stream: No such file or directory in /home/ubuntu/workspace/cst336/labs/lab6/api/getCategories.php on line 2
[22-Mar-2019 04:41:29 UTC] PHP Stack trace:
[22-Mar-2019 04:41:29 UTC] PHP   1. {main}() /home/ubuntu/workspace/cst336/labs/lab6/api/getCategories.php:0
[22-Mar-2019 04:41:29 UTC] PHP Warning:  include(): Failed opening '../../../inc/dbConnection.php' for inclusion (include_path='.:/usr/share/php:/usr/share/pear') in /home/ubuntu/workspace/cst336/labs/lab6/api/getCategories.php on line 2
[22-Mar-2019 04:41:29 UTC] PHP Stack trace:
[22-Mar-2019 04:41:29 UTC] PHP   1. {main}() /home/ubuntu/workspace/cst336/labs/lab6/api/getCategories.php:0
[22-Mar-2019 04:41:29 UTC] PHP Fatal error:  Call to undefined function getDatabaseConnection() in /home/ubuntu/workspace/cst336/labs/lab6/api/getCategories.php on line 3
[22-Mar-2019 04:41:29 UTC] PHP Stack trace:
[22-Mar-2019 04:41:29 UTC] PHP   1. {main}() /home/ubuntu/workspace/cst336/labs/lab6/api/getCategories.php:0
[22-Mar-2019 04:41:40 UTC] PHP Warning:  include(../../../inc/dbConnection.php): failed to open stream: No such file or directory in /home/ubuntu/workspace/cst336/labs/lab6/api/getCategories.php on line 2
[22-Mar-2019 04:41:40 UTC] PHP Stack trace:
[22-Mar-2019 04:41:40 UTC] PHP   1. {main}() /home/ubuntu/workspace/cst336/labs/lab6/api/getCategories.php:0
[22-Mar-2019 04:41:40 UTC] PHP Warning:  include(): Failed opening '../../../inc/dbConnection.php' for inclusion (include_path='.:/usr/share/php:/usr/share/pear') in /home/ubuntu/workspace/cst336/labs/lab6/api/getCategories.php on line 2
[22-Mar-2019 04:41:40 UTC] PHP Stack trace:
[22-Mar-2019 04:41:40 UTC] PHP   1. {main}() /home/ubuntu/workspace/cst336/labs/lab6/api/getCategories.php:0
[22-Mar-2019 04:41:40 UTC] PHP Fatal error:  Call to undefined function getDatabaseConnection() in /home/ubuntu/workspace/cst336/labs/lab6/api/getCategories.php on line 3
[22-Mar-2019 04:41:40 UTC] PHP Stack trace:
[22-Mar-2019 04:41:40 UTC] PHP   1. {main}() /home/ubuntu/workspace/cst336/labs/lab6/api/getCategories.php:0
[22-Mar-2019 04:43:03 UTC] PHP Warning:  include(../../../inc/dbConnection.php): failed to open stream: No such file or directory in /home/ubuntu/workspace/cst336/labs/lab6/api/getCategories.php on line 2
[22-Mar-2019 04:43:03 UTC] PHP Stack trace:
[22-Mar-2019 04:43:03 UTC] PHP   1. {main}() /home/ubuntu/workspace/cst336/labs/lab6/api/getCategories.php:0
[22-Mar-2019 04:43:03 UTC] PHP Warning:  include(): Failed opening '../../../inc/dbConnection.php' for inclusion (include_path='.:/usr/share/php:/usr/share/pear') in /home/ubuntu/workspace/cst336/labs/lab6/api/getCategories.php on line 2
[22-Mar-2019 04:43:03 UTC] PHP Stack trace:
[22-Mar-2019 04:43:03 UTC] PHP   1. {main}() /home/ubuntu/workspace/cst336/labs/lab6/api/getCategories.php:0
[22-Mar-2019 04:43:03 UTC] PHP Fatal error:  Call to undefined function getDatabaseConnection() in /home/ubuntu/workspace/cst336/labs/lab6/api/getCategories.php on line 3
[22-Mar-2019 04:43:03 UTC] PHP Stack trace:
[22-Mar-2019 04:43:03 UTC] PHP   1. {main}() /home/ubuntu/workspace/cst336/labs/lab6/api/getCategories.php:0
[22-Mar-2019 04:43:57 UTC] PHP Fatal error:  Undefined class constant 'ERMODE_EXCEPTION' in /home/ubuntu/workspace/cst336/labs/lab6/dbConnection.php on line 12
[22-Mar-2019 04:43:57 UTC] PHP Stack trace:
[22-Mar-2019 04:43:57 UTC] PHP   1. {main}() /home/ubuntu/workspace/cst336/labs/lab6/api/getCategories.php:0
[22-Mar-2019 04:43:57 UTC] PHP   2. getDataBaseConnection() /home/ubuntu/workspace/cst336/labs/lab6/api/getCategories.php:3
[22-Mar-2019 04:43:58 UTC] PHP Fatal error:  Undefined class constant 'ERMODE_EXCEPTION' in /home/ubuntu/workspace/cst336/labs/lab6/dbConnection.php on line 12
[22-Mar-2019 04:43:58 UTC] PHP Stack trace:
[22-Mar-2019 04:43:58 UTC] PHP   1. {main}() /home/ubuntu/workspace/cst336/labs/lab6/api/getCategories.php:0
[22-Mar-2019 04:43:58 UTC] PHP   2. getDataBaseConnection() /home/ubuntu/workspace/cst336/labs/lab6/api/getCategories.php:3
[22-Mar-2019 04:44:00 UTC] PHP Fatal error:  Undefined class constant 'ERMODE_EXCEPTION' in /home/ubuntu/workspace/cst336/labs/lab6/dbConnection.php on line 12
[22-Mar-2019 04:44:00 UTC] PHP Stack trace:
[22-Mar-2019 04:44:00 UTC] PHP   1. {main}() /home/ubuntu/workspace/cst336/labs/lab6/api/getCategories.php:0
[22-Mar-2019 04:44:00 UTC] PHP   2. getDataBaseConnection() /home/ubuntu/workspace/cst336/labs/lab6/api/getCategories.php:3
[22-Mar-2019 04:44:01 UTC] PHP Fatal error:  Undefined class constant 'ERMODE_EXCEPTION' in /home/ubuntu/workspace/cst336/labs/lab6/dbConnection.php on line 12
[22-Mar-2019 04:44:01 UTC] PHP Stack trace:
[22-Mar-2019 04:44:01 UTC] PHP   1. {main}() /home/ubuntu/workspace/cst336/labs/lab6/api/getCategories.php:0
[22-Mar-2019 04:44:01 UTC] PHP   2. getDataBaseConnection() /home/ubuntu/workspace/cst336/labs/lab6/api/getCategories.php:3
[22-Mar-2019 04:44:02 UTC] PHP Fatal error:  Undefined class constant 'ERMODE_EXCEPTION' in /home/ubuntu/workspace/cst336/labs/lab6/dbConnection.php on line 12
[22-Mar-2019 04:44:02 UTC] PHP Stack trace:
[22-Mar-2019 04:44:02 UTC] PHP   1. {main}() /home/ubuntu/workspace/cst336/labs/lab6/api/getCategories.php:0
[22-Mar-2019 04:44:02 UTC] PHP   2. getDataBaseConnection() /home/ubuntu/workspace/cst336/labs/lab6/api/getCategories.php:3
[22-Mar-2019 04:44:04 UTC] PHP Fatal error:  Undefined class constant 'ERMODE_EXCEPTION' in /home/ubuntu/workspace/cst336/labs/lab6/dbConnection.php on line 12
[22-Mar-2019 04:44:04 UTC] PHP Stack trace:
[22-Mar-2019 04:44:04 UTC] PHP   1. {main}() /home/ubuntu/workspace/cst336/labs/lab6/api/getCategories.php:0
[22-Mar-2019 04:44:04 UTC] PHP   2. getDataBaseConnection() /home/ubuntu/workspace/cst336/labs/lab6/api/getCategories.php:3
[22-Mar-2019 04:44:05 UTC] PHP Fatal error:  Undefined class constant 'ERMODE_EXCEPTION' in /home/ubuntu/workspace/cst336/labs/lab6/dbConnection.php on line 12
[22-Mar-2019 04:44:05 UTC] PHP Stack trace:
[22-Mar-2019 04:44:05 UTC] PHP   1. {main}() /home/ubuntu/workspace/cst336/labs/lab6/api/getCategories.php:0
[22-Mar-2019 04:44:05 UTC] PHP   2. getDataBaseConnection() /home/ubuntu/workspace/cst336/labs/lab6/api/getCategories.php:3
[22-Mar-2019 05:27:13 UTC] PHP Parse error:  syntax error, unexpected 'LIKE' (T_STRING) in /home/ubuntu/workspace/cst336/labs/lab6/api/getSearchResults.php on line 17
[22-Mar-2019 05:27:14 UTC] PHP Parse error:  syntax error, unexpected 'LIKE' (T_STRING) in /home/ubuntu/workspace/cst336/labs/lab6/api/getSearchResults.php on line 17
[22-Mar-2019 05:27:42 UTC] PHP Parse error:  syntax error, unexpected 'LIKE' (T_STRING) in /home/ubuntu/workspace/cst336/labs/lab6/api/getSearchResults.php on line 17
[22-Mar-2019 05:27:43 UTC] PHP Parse error:  syntax error, unexpected 'LIKE' (T_STRING) in /home/ubuntu/workspace/cst336/labs/lab6/api/getSearchResults.php on line 17
[22-Mar-2019 05:27:44 UTC] PHP Parse error:  syntax error, unexpected 'LIKE' (T_STRING) in /home/ubuntu/workspace/cst336/labs/lab6/api/getSearchResults.php on line 17
[22-Mar-2019 05:27:45 UTC] PHP Parse error:  syntax error, unexpected 'LIKE' (T_STRING) in /home/ubuntu/workspace/cst336/labs/lab6/api/getSearchResults.php on line 17
[22-Mar-2019 05:27:45 UTC] PHP Parse error:  syntax error, unexpected 'LIKE' (T_STRING) in /home/ubuntu/workspace/cst336/labs/lab6/api/getSearchResults.php on line 17
[22-Mar-2019 06:26:30 UTC] PHP Fatal error:  Uncaught exception 'PDOException' with message 'SQLSTATE[42S22]: Column not found: 1054 Unknown column 'productPrice' in 'order clause'' in /home/ubuntu/workspace/cst336/labs/lab6/api/getProducts.php:16
Stack trace:
#0 /home/ubuntu/workspace/cst336/labs/lab6/api/getProducts.php(16): PDOStatement->execute()
#1 {main}
  thrown in /home/ubuntu/workspace/cst336/labs/lab6/api/getProducts.php on line 16
[22-Mar-2019 06:27:19 UTC] PHP Fatal error:  Uncaught exception 'PDOException' with message 'SQLSTATE[42S22]: Column not found: 1054 Unknown column 'productPrice' in 'order clause'' in /home/ubuntu/workspace/cst336/labs/lab6/api/getProducts.php:16
Stack trace:
#0 /home/ubuntu/workspace/cst336/labs/lab6/api/getProducts.php(16): PDOStatement->execute()
#1 {main}
  thrown in /home/ubuntu/workspace/cst336/labs/lab6/api/getProducts.php on line 16
[22-Mar-2019 06:27:56 UTC] PHP Fatal error:  Uncaught exception 'PDOException' with message 'SQLSTATE[42S22]: Column not found: 1054 Unknown column 'productPrice' in 'order clause'' in /home/ubuntu/workspace/cst336/labs/lab6/api/getProducts.php:16
Stack trace:
#0 /home/ubuntu/workspace/cst336/labs/lab6/api/getProducts.php(16): PDOStatement->execute()
#1 {main}
  thrown in /home/ubuntu/workspace/cst336/labs/lab6/api/getProducts.php on line 16
[22-Mar-2019 06:29:36 UTC] PHP Fatal error:  Uncaught exception 'PDOException' with message 'SQLSTATE[42S22]: Column not found: 1054 Unknown column 'productPrice' in 'order clause'' in /home/ubuntu/workspace/cst336/labs/lab6/api/getProducts.php:16
Stack trace:
#0 /home/ubuntu/workspace/cst336/labs/lab6/api/getProducts.php(16): PDOStatement->execute()
#1 {main}
  thrown in /home/ubuntu/workspace/cst336/labs/lab6/api/getProducts.php on line 16
[22-Mar-2019 06:34:29 UTC] PHP Fatal error:  Uncaught exception 'PDOException' with message 'SQLSTATE[42S22]: Column not found: 1054 Unknown column 'productPrice' in 'order clause'' in /home/ubuntu/workspace/cst336/labs/lab6/api/getProducts.php:16
Stack trace:
#0 /home/ubuntu/workspace/cst336/labs/lab6/api/getProducts.php(16): PDOStatement->execute()
#1 {main}
  thrown in /home/ubuntu/workspace/cst336/labs/lab6/api/getProducts.php on line 16
[22-Mar-2019 06:34:41 UTC] PHP Fatal error:  Uncaught exception 'PDOException' with message 'SQLSTATE[42S22]: Column not found: 1054 Unknown column 'productPrice' in 'order clause'' in /home/ubuntu/workspace/cst336/labs/lab6/api/getProducts.php:16
Stack trace:
#0 /home/ubuntu/workspace/cst336/labs/lab6/api/getProducts.php(16): PDOStatement->execute()
#1 {main}
  thrown in /home/ubuntu/workspace/cst336/labs/lab6/api/getProducts.php on line 16
[22-Mar-2019 06:37:08 UTC] PHP Fatal error:  Uncaught exception 'PDOException' with message 'SQLSTATE[42S22]: Column not found: 1054 Unknown column 'productPrice' in 'order clause'' in /home/ubuntu/workspace/cst336/labs/lab6/api/getProducts.php:16
Stack trace:
#0 /home/ubuntu/workspace/cst336/labs/lab6/api/getProducts.php(16): PDOStatement->execute()
#1 {main}
  thrown in /home/ubuntu/workspace/cst336/labs/lab6/api/getProducts.php on line 16
[22-Mar-2019 06:55:29 UTC] PHP Fatal error:  Uncaught exception 'PDOException' with message 'SQLSTATE[42S22]: Column not found: 1054 Unknown column 'productPrice' in 'order clause'' in /home/ubuntu/workspace/cst336/labs/lab6/api/getProducts.php:16
Stack trace:
#0 /home/ubuntu/workspace/cst336/labs/lab6/api/getProducts.php(16): PDOStatement->execute()
#1 {main}
  thrown in /home/ubuntu/workspace/cst336/labs/lab6/api/getProducts.php on line 16
[22-Mar-2019 06:55:30 UTC] PHP Fatal error:  Uncaught exception 'PDOException' with message 'SQLSTATE[42S22]: Column not found: 1054 Unknown column 'productPrice' in 'order clause'' in /home/ubuntu/workspace/cst336/labs/lab6/api/getProducts.php:16
Stack trace:
#0 /home/ubuntu/workspace/cst336/labs/lab6/api/getProducts.php(16): PDOStatement->execute()
#1 {main}
  thrown in /home/ubuntu/workspace/cst336/labs/lab6/api/getProducts.php on line 16
[22-Mar-2019 20:49:57 UTC] PHP Fatal error:  Uncaught exception 'PDOException' with message 'SQLSTATE[42S22]: Column not found: 1054 Unknown column 'productPrice' in 'order clause'' in /home/ubuntu/workspace/cst336/labs/lab6/api/getProducts.php:16
Stack trace:
#0 /home/ubuntu/workspace/cst336/labs/lab6/api/getProducts.php(16): PDOStatement->execute()
#1 {main}
  thrown in /home/ubuntu/workspace/cst336/labs/lab6/api/getProducts.php on line 16
[22-Mar-2019 21:02:24 UTC] PHP Fatal error:  Uncaught exception 'PDOException' with message 'SQLSTATE[42S22]: Column not found: 1054 Unknown column 'productPrice' in 'order clause'' in /home/ubuntu/workspace/cst336/labs/lab6/api/getProducts.php:16
Stack trace:
#0 /home/ubuntu/workspace/cst336/labs/lab6/api/getProducts.php(16): PDOStatement->execute()
#1 {main}
  thrown in /home/ubuntu/workspace/cst336/labs/lab6/api/getProducts.php on line 16
[22-Mar-2019 21:04:44 UTC] PHP Fatal error:  Uncaught exception 'PDOException' with message 'SQLSTATE[42S22]: Column not found: 1054 Unknown column 'productPrice' in 'order clause'' in /home/ubuntu/workspace/cst336/labs/lab6/api/getProducts.php:16
Stack trace:
#0 /home/ubuntu/workspace/cst336/labs/lab6/api/getProducts.php(16): PDOStatement->execute()
#1 {main}
  thrown in /home/ubuntu/workspace/cst336/labs/lab6/api/getProducts.php on line 16
[22-Mar-2019 21:12:47 UTC] PHP Fatal error:  Uncaught exception 'PDOException' with message 'SQLSTATE[42S22]: Column not found: 1054 Unknown column 'productPrice' in 'order clause'' in /home/ubuntu/workspace/cst336/labs/lab6/api/getProducts.php:16
Stack trace:
#0 /home/ubuntu/workspace/cst336/labs/lab6/api/getProducts.php(16): PDOStatement->execute()
#1 {main}
  thrown in /home/ubuntu/workspace/cst336/labs/lab6/api/getProducts.php on line 16
[22-Mar-2019 22:11:48 UTC] PHP Fatal error:  Uncaught exception 'PDOException' with message 'SQLSTATE[42S22]: Column not found: 1054 Unknown column 'categoryId' in 'where clause'' in /home/ubuntu/workspace/cst336/labs/lab6/api/getSearchResults.php:40
Stack trace:
#0 /home/ubuntu/workspace/cst336/labs/lab6/api/getSearchResults.php(40): PDOStatement->execute(Array)
#1 {main}
  thrown in /home/ubuntu/workspace/cst336/labs/lab6/api/getSearchResults.php on line 40
[22-Mar-2019 22:11:49 UTC] PHP Fatal error:  Uncaught exception 'PDOException' with message 'SQLSTATE[42S22]: Column not found: 1054 Unknown column 'categoryId' in 'where clause'' in /home/ubuntu/workspace/cst336/labs/lab6/api/getSearchResults.php:40
Stack trace:
#0 /home/ubuntu/workspace/cst336/labs/lab6/api/getSearchResults.php(40): PDOStatement->execute(Array)
#1 {main}
  thrown in /home/ubuntu/workspace/cst336/labs/lab6/api/getSearchResults.php on line 40
[22-Mar-2019 22:11:49 UTC] PHP Fatal error:  Uncaught exception 'PDOException' with message 'SQLSTATE[42S22]: Column not found: 1054 Unknown column 'categoryId' in 'where clause'' in /home/ubuntu/workspace/cst336/labs/lab6/api/getSearchResults.php:40
Stack trace:
#0 /home/ubuntu/workspace/cst336/labs/lab6/api/getSearchResults.php(40): PDOStatement->execute(Array)
#1 {main}
  thrown in /home/ubuntu/workspace/cst336/labs/lab6/api/getSearchResults.php on line 40
[22-Mar-2019 22:11:49 UTC] PHP Fatal error:  Uncaught exception 'PDOException' with message 'SQLSTATE[42S22]: Column not found: 1054 Unknown column 'categoryId' in 'where clause'' in /home/ubuntu/workspace/cst336/labs/lab6/api/getSearchResults.php:40
Stack trace:
#0 /home/ubuntu/workspace/cst336/labs/lab6/api/getSearchResults.php(40): PDOStatement->execute(Array)
#1 {main}
  thrown in /home/ubuntu/workspace/cst336/labs/lab6/api/getSearchResults.php on line 40
[22-Mar-2019 22:11:49 UTC] PHP Fatal error:  Uncaught exception 'PDOException' with message 'SQLSTATE[42S22]: Column not found: 1054 Unknown column 'categoryId' in 'where clause'' in /home/ubuntu/workspace/cst336/labs/lab6/api/getSearchResults.php:40
Stack trace:
#0 /home/ubuntu/workspace/cst336/labs/lab6/api/getSearchResults.php(40): PDOStatement->execute(Array)
#1 {main}
  thrown in /home/ubuntu/workspace/cst336/labs/lab6/api/getSearchResults.php on line 40
[22-Mar-2019 22:11:51 UTC] PHP Fatal error:  Uncaught exception 'PDOException' with message 'SQLSTATE[42S22]: Column not found: 1054 Unknown column 'categoryId' in 'where clause'' in /home/ubuntu/workspace/cst336/labs/lab6/api/getSearchResults.php:40
Stack trace:
#0 /home/ubuntu/workspace/cst336/labs/lab6/api/getSearchResults.php(40): PDOStatement->execute(Array)
#1 {main}
  thrown in /home/ubuntu/workspace/cst336/labs/lab6/api/getSearchResults.php on line 40
[22-Mar-2019 22:11:51 UTC] PHP Fatal error:  Uncaught exception 'PDOException' with message 'SQLSTATE[42S22]: Column not found: 1054 Unknown column 'categoryId' in 'where clause'' in /home/ubuntu/workspace/cst336/labs/lab6/api/getSearchResults.php:40
Stack trace:
#0 /home/ubuntu/workspace/cst336/labs/lab6/api/getSearchResults.php(40): PDOStatement->execute(Array)
#1 {main}
  thrown in /home/ubuntu/workspace/cst336/labs/lab6/api/getSearchResults.php on line 40
[22-Mar-2019 22:11:51 UTC] PHP Fatal error:  Uncaught exception 'PDOException' with message 'SQLSTATE[42S22]: Column not found: 1054 Unknown column 'categoryId' in 'where clause'' in /home/ubuntu/workspace/cst336/labs/lab6/api/getSearchResults.php:40
Stack trace:
#0 /home/ubuntu/workspace/cst336/labs/lab6/api/getSearchResults.php(40): PDOStatement->execute(Array)
#1 {main}
  thrown in /home/ubuntu/workspace/cst336/labs/lab6/api/getSearchResults.php on line 40
[22-Mar-2019 22:11:51 UTC] PHP Fatal error:  Uncaught exception 'PDOException' with message 'SQLSTATE[42S22]: Column not found: 1054 Unknown column 'categoryId' in 'where clause'' in /home/ubuntu/workspace/cst336/labs/lab6/api/getSearchResults.php:40
Stack trace:
#0 /home/ubuntu/workspace/cst336/labs/lab6/api/getSearchResults.php(40): PDOStatement->execute(Array)
#1 {main}
  thrown in /home/ubuntu/workspace/cst336/labs/lab6/api/getSearchResults.php on line 40
[22-Mar-2019 22:11:53 UTC] PHP Fatal error:  Uncaught exception 'PDOException' with message 'SQLSTATE[42S22]: Column not found: 1054 Unknown column 'categoryId' in 'where clause'' in /home/ubuntu/workspace/cst336/labs/lab6/api/getSearchResults.php:40
Stack trace:
#0 /home/ubuntu/workspace/cst336/labs/lab6/api/getSearchResults.php(40): PDOStatement->execute(Array)
#1 {main}
  thrown in /home/ubuntu/workspace/cst336/labs/lab6/api/getSearchResults.php on line 40
[22-Mar-2019 22:11:53 UTC] PHP Fatal error:  Uncaught exception 'PDOException' with message 'SQLSTATE[42S22]: Column not found: 1054 Unknown column 'categoryId' in 'where clause'' in /home/ubuntu/workspace/cst336/labs/lab6/api/getSearchResults.php:40
Stack trace:
#0 /home/ubuntu/workspace/cst336/labs/lab6/api/getSearchResults.php(40): PDOStatement->execute(Array)
#1 {main}
  thrown in /home/ubuntu/workspace/cst336/labs/lab6/api/getSearchResults.php on line 40
[22-Mar-2019 22:11:54 UTC] PHP Fatal error:  Uncaught exception 'PDOException' with message 'SQLSTATE[42S22]: Column not found: 1054 Unknown column 'categoryId' in 'where clause'' in /home/ubuntu/workspace/cst336/labs/lab6/api/getSearchResults.php:40
Stack trace:
#0 /home/ubuntu/workspace/cst336/labs/lab6/api/getSearchResults.php(40): PDOStatement->execute(Array)
#1 {main}
  thrown in /home/ubuntu/workspace/cst336/labs/lab6/api/getSearchResults.php on line 40
[22-Mar-2019 22:11:54 UTC] PHP Fatal error:  Uncaught exception 'PDOException' with message 'SQLSTATE[42S22]: Column not found: 1054 Unknown column 'categoryId' in 'where clause'' in /home/ubuntu/workspace/cst336/labs/lab6/api/getSearchResults.php:40
Stack trace:
#0 /home/ubuntu/workspace/cst336/labs/lab6/api/getSearchResults.php(40): PDOStatement->execute(Array)
#1 {main}
  thrown in /home/ubuntu/workspace/cst336/labs/lab6/api/getSearchResults.php on line 40
[22-Mar-2019 22:11:54 UTC] PHP Fatal error:  Uncaught exception 'PDOException' with message 'SQLSTATE[42S22]: Column not found: 1054 Unknown column 'categoryId' in 'where clause'' in /home/ubuntu/workspace/cst336/labs/lab6/api/getSearchResults.php:40
Stack trace:
#0 /home/ubuntu/workspace/cst336/labs/lab6/api/getSearchResults.php(40): PDOStatement->execute(Array)
#1 {main}
  thrown in /home/ubuntu/workspace/cst336/labs/lab6/api/getSearchResults.php on line 40
[22-Mar-2019 22:11:56 UTC] PHP Fatal error:  Uncaught exception 'PDOException' with message 'SQLSTATE[42S22]: Column not found: 1054 Unknown column 'categoryId' in 'where clause'' in /home/ubuntu/workspace/cst336/labs/lab6/api/getSearchResults.php:40
Stack trace:
#0 /home/ubuntu/workspace/cst336/labs/lab6/api/getSearchResults.php(40): PDOStatement->execute(Array)
#1 {main}
  thrown in /home/ubuntu/workspace/cst336/labs/lab6/api/getSearchResults.php on line 40
[22-Mar-2019 22:11:56 UTC] PHP Fatal error:  Uncaught exception 'PDOException' with message 'SQLSTATE[42S22]: Column not found: 1054 Unknown column 'categoryId' in 'where clause'' in /home/ubuntu/workspace/cst336/labs/lab6/api/getSearchResults.php:40
Stack trace:
#0 /home/ubuntu/workspace/cst336/labs/lab6/api/getSearchResults.php(40): PDOStatement->execute(Array)
#1 {main}
  thrown in /home/ubuntu/workspace/cst336/labs/lab6/api/getSearchResults.php on line 40
[22-Mar-2019 22:11:56 UTC] PHP Fatal error:  Uncaught exception 'PDOException' with message 'SQLSTATE[42S22]: Column not found: 1054 Unknown column 'categoryId' in 'where clause'' in /home/ubuntu/workspace/cst336/labs/lab6/api/getSearchResults.php:40
Stack trace:
#0 /home/ubuntu/workspace/cst336/labs/lab6/api/getSearchResults.php(40): PDOStatement->execute(Array)
#1 {main}
  thrown in /home/ubuntu/workspace/cst336/labs/lab6/api/getSearchResults.php on line 40
[22-Mar-2019 22:11:56 UTC] PHP Fatal error:  Uncaught exception 'PDOException' with message 'SQLSTATE[42S22]: Column not found: 1054 Unknown column 'categoryId' in 'where clause'' in /home/ubuntu/workspace/cst336/labs/lab6/api/getSearchResults.php:40
Stack trace:
#0 /home/ubuntu/workspace/cst336/labs/lab6/api/getSearchResults.php(40): PDOStatement->execute(Array)
#1 {main}
  thrown in /home/ubuntu/workspace/cst336/labs/lab6/api/getSearchResults.php on line 40
[22-Mar-2019 22:11:57 UTC] PHP Fatal error:  Uncaught exception 'PDOException' with message 'SQLSTATE[42S22]: Column not found: 1054 Unknown column 'categoryId' in 'where clause'' in /home/ubuntu/workspace/cst336/labs/lab6/api/getSearchResults.php:40
Stack trace:
#0 /home/ubuntu/workspace/cst336/labs/lab6/api/getSearchResults.php(40): PDOStatement->execute(Array)
#1 {main}
  thrown in /home/ubuntu/workspace/cst336/labs/lab6/api/getSearchResults.php on line 40
[22-Mar-2019 22:11:59 UTC] PHP Fatal error:  Uncaught exception 'PDOException' with message 'SQLSTATE[42S22]: Column not found: 1054 Unknown column 'categoryId' in 'where clause'' in /home/ubuntu/workspace/cst336/labs/lab6/api/getSearchResults.php:40
Stack trace:
#0 /home/ubuntu/workspace/cst336/labs/lab6/api/getSearchResults.php(40): PDOStatement->execute(Array)
#1 {main}
  thrown in /home/ubuntu/workspace/cst336/labs/lab6/api/getSearchResults.php on line 40
[22-Mar-2019 22:11:59 UTC] PHP Fatal error:  Uncaught exception 'PDOException' with message 'SQLSTATE[42S22]: Column not found: 1054 Unknown column 'categoryId' in 'where clause'' in /home/ubuntu/workspace/cst336/labs/lab6/api/getSearchResults.php:40
Stack trace:
#0 /home/ubuntu/workspace/cst336/labs/lab6/api/getSearchResults.php(40): PDOStatement->execute(Array)
#1 {main}
  thrown in /home/ubuntu/workspace/cst336/labs/lab6/api/getSearchResults.php on line 40
[22-Mar-2019 22:11:59 UTC] PHP Fatal error:  Uncaught exception 'PDOException' with message 'SQLSTATE[42S22]: Column not found: 1054 Unknown column 'categoryId' in 'where clause'' in /home/ubuntu/workspace/cst336/labs/lab6/api/getSearchResults.php:40
Stack trace:
#0 /home/ubuntu/workspace/cst336/labs/lab6/api/getSearchResults.php(40): PDOStatement->execute(Array)
#1 {main}
  thrown in /home/ubuntu/workspace/cst336/labs/lab6/api/getSearchResults.php on line 40
[22-Mar-2019 22:13:10 UTC] PHP Fatal error:  Uncaught exception 'PDOException' with message 'SQLSTATE[42S22]: Column not found: 1054 Unknown column 'categoryId' in 'where clause'' in /home/ubuntu/workspace/cst336/labs/lab6/api/getSearchResults.php:40
Stack trace:
#0 /home/ubuntu/workspace/cst336/labs/lab6/api/getSearchResults.php(40): PDOStatement->execute(Array)
#1 {main}
  thrown in /home/ubuntu/workspace/cst336/labs/lab6/api/getSearchResults.php on line 40
[22-Mar-2019 22:13:10 UTC] PHP Fatal error:  Uncaught exception 'PDOException' with message 'SQLSTATE[42S22]: Column not found: 1054 Unknown column 'categoryId' in 'where clause'' in /home/ubuntu/workspace/cst336/labs/lab6/api/getSearchResults.php:40
Stack trace:
#0 /home/ubuntu/workspace/cst336/labs/lab6/api/getSearchResults.php(40): PDOStatement->execute(Array)
#1 {main}
  thrown in /home/ubuntu/workspace/cst336/labs/lab6/api/getSearchResults.php on line 40
[22-Mar-2019 22:13:10 UTC] PHP Fatal error:  Uncaught exception 'PDOException' with message 'SQLSTATE[42S22]: Column not found: 1054 Unknown column 'categoryId' in 'where clause'' in /home/ubuntu/workspace/cst336/labs/lab6/api/getSearchResults.php:40
Stack trace:
#0 /home/ubuntu/workspace/cst336/labs/lab6/api/getSearchResults.php(40): PDOStatement->execute(Array)
#1 {main}
  thrown in /home/ubuntu/workspace/cst336/labs/lab6/api/getSearchResults.php on line 40
[22-Mar-2019 22:13:10 UTC] PHP Fatal error:  Uncaught exception 'PDOException' with message 'SQLSTATE[42S22]: Column not found: 1054 Unknown column 'categoryId' in 'where clause'' in /home/ubuntu/workspace/cst336/labs/lab6/api/getSearchResults.php:40
Stack trace:
#0 /home/ubuntu/workspace/cst336/labs/lab6/api/getSearchResults.php(40): PDOStatement->execute(Array)
#1 {main}
  thrown in /home/ubuntu/workspace/cst336/labs/lab6/api/getSearchResults.php on line 40
[22-Mar-2019 22:13:54 UTC] PHP Fatal error:  Uncaught exception 'PDOException' with message 'SQLSTATE[42S22]: Column not found: 1054 Unknown column 'categoryId' in 'where clause'' in /home/ubuntu/workspace/cst336/labs/lab6/api/getSearchResults.php:40
Stack trace:
#0 /home/ubuntu/workspace/cst336/labs/lab6/api/getSearchResults.php(40): PDOStatement->execute(Array)
#1 {main}
  thrown in /home/ubuntu/workspace/cst336/labs/lab6/api/getSearchResults.php on line 40
[22-Mar-2019 22:13:55 UTC] PHP Fatal error:  Uncaught exception 'PDOException' with message 'SQLSTATE[42S22]: Column not found: 1054 Unknown column 'categoryId' in 'where clause'' in /home/ubuntu/workspace/cst336/labs/lab6/api/getSearchResults.php:40
Stack trace:
#0 /home/ubuntu/workspace/cst336/labs/lab6/api/getSearchResults.php(40): PDOStatement->execute(Array)
#1 {main}
  thrown in /home/ubuntu/workspace/cst336/labs/lab6/api/getSearchResults.php on line 40
[22-Mar-2019 22:13:55 UTC] PHP Fatal error:  Uncaught exception 'PDOException' with message 'SQLSTATE[42S22]: Column not found: 1054 Unknown column 'categoryId' in 'where clause'' in /home/ubuntu/workspace/cst336/labs/lab6/api/getSearchResults.php:40
Stack trace:
#0 /home/ubuntu/workspace/cst336/labs/lab6/api/getSearchResults.php(40): PDOStatement->execute(Array)
#1 {main}
  thrown in /home/ubuntu/workspace/cst336/labs/lab6/api/getSearchResults.php on line 40
[22-Mar-2019 22:13:55 UTC] PHP Fatal error:  Uncaught exception 'PDOException' with message 'SQLSTATE[42S22]: Column not found: 1054 Unknown column 'categoryId' in 'where clause'' in /home/ubuntu/workspace/cst336/labs/lab6/api/getSearchResults.php:40
Stack trace:
#0 /home/ubuntu/workspace/cst336/labs/lab6/api/getSearchResults.php(40): PDOStatement->execute(Array)
#1 {main}
  thrown in /home/ubuntu/workspace/cst336/labs/lab6/api/getSearchResults.php on line 40
[22-Mar-2019 22:13:57 UTC] PHP Fatal error:  Uncaught exception 'PDOException' with message 'SQLSTATE[42S22]: Column not found: 1054 Unknown column 'categoryId' in 'where clause'' in /home/ubuntu/workspace/cst336/labs/lab6/api/getSearchResults.php:40
Stack trace:
#0 /home/ubuntu/workspace/cst336/labs/lab6/api/getSearchResults.php(40): PDOStatement->execute(Array)
#1 {main}
  thrown in /home/ubuntu/workspace/cst336/labs/lab6/api/getSearchResults.php on line 40
[22-Mar-2019 22:13:57 UTC] PHP Fatal error:  Uncaught exception 'PDOException' with message 'SQLSTATE[42S22]: Column not found: 1054 Unknown column 'categoryId' in 'where clause'' in /home/ubuntu/workspace/cst336/labs/lab6/api/getSearchResults.php:40
Stack trace:
#0 /home/ubuntu/workspace/cst336/labs/lab6/api/getSearchResults.php(40): PDOStatement->execute(Array)
#1 {main}
  thrown in /home/ubuntu/workspace/cst336/labs/lab6/api/getSearchResults.php on line 40
[22-Mar-2019 22:13:57 UTC] PHP Fatal error:  Uncaught exception 'PDOException' with message 'SQLSTATE[42S22]: Column not found: 1054 Unknown column 'categoryId' in 'where clause'' in /home/ubuntu/workspace/cst336/labs/lab6/api/getSearchResults.php:40
Stack trace:
#0 /home/ubuntu/workspace/cst336/labs/lab6/api/getSearchResults.php(40): PDOStatement->execute(Array)
#1 {main}
  thrown in /home/ubuntu/workspace/cst336/labs/lab6/api/getSearchResults.php on line 40
[22-Mar-2019 22:13:57 UTC] PHP Fatal error:  Uncaught exception 'PDOException' with message 'SQLSTATE[42S22]: Column not found: 1054 Unknown column 'categoryId' in 'where clause'' in /home/ubuntu/workspace/cst336/labs/lab6/api/getSearchResults.php:40
Stack trace:
#0 /home/ubuntu/workspace/cst336/labs/lab6/api/getSearchResults.php(40): PDOStatement->execute(Array)
#1 {main}
  thrown in /home/ubuntu/workspace/cst336/labs/lab6/api/getSearchResults.php on line 40
[22-Mar-2019 22:13:58 UTC] PHP Fatal error:  Uncaught exception 'PDOException' with message 'SQLSTATE[42S22]: Column not found: 1054 Unknown column 'categoryId' in 'where clause'' in /home/ubuntu/workspace/cst336/labs/lab6/api/getSearchResults.php:40
Stack trace:
#0 /home/ubuntu/workspace/cst336/labs/lab6/api/getSearchResults.php(40): PDOStatement->execute(Array)
#1 {main}
  thrown in /home/ubuntu/workspace/cst336/labs/lab6/api/getSearchResults.php on line 40
[23-Mar-2019 00:07:42 UTC] PHP Fatal error:  Uncaught exception 'PDOException' with message 'SQLSTATE[42S22]: Column not found: 1054 Unknown column 'categoryId' in 'where clause'' in /home/ubuntu/workspace/cst336/labs/lab6/api/getSearchResults.php:40
Stack trace:
#0 /home/ubuntu/workspace/cst336/labs/lab6/api/getSearchResults.php(40): PDOStatement->execute(Array)
#1 {main}
  thrown in /home/ubuntu/workspace/cst336/labs/lab6/api/getSearchResults.php on line 40
[23-Mar-2019 00:07:43 UTC] PHP Fatal error:  Uncaught exception 'PDOException' with message 'SQLSTATE[42S22]: Column not found: 1054 Unknown column 'categoryId' in 'where clause'' in /home/ubuntu/workspace/cst336/labs/lab6/api/getSearchResults.php:40
Stack trace:
#0 /home/ubuntu/workspace/cst336/labs/lab6/api/getSearchResults.php(40): PDOStatement->execute(Array)
#1 {main}
  thrown in /home/ubuntu/workspace/cst336/labs/lab6/api/getSearchResults.php on line 40
[23-Mar-2019 00:07:49 UTC] PHP Fatal error:  Uncaught exception 'PDOException' with message 'SQLSTATE[42S22]: Column not found: 1054 Unknown column 'categoryId' in 'where clause'' in /home/ubuntu/workspace/cst336/labs/lab6/api/getSearchResults.php:40
Stack trace:
#0 /home/ubuntu/workspace/cst336/labs/lab6/api/getSearchResults.php(40): PDOStatement->execute(Array)
#1 {main}
  thrown in /home/ubuntu/workspace/cst336/labs/lab6/api/getSearchResults.php on line 40
[23-Mar-2019 00:08:00 UTC] PHP Fatal error:  Uncaught exception 'PDOException' with message 'SQLSTATE[42S22]: Column not found: 1054 Unknown column 'categoryId' in 'where clause'' in /home/ubuntu/workspace/cst336/labs/lab6/api/getSearchResults.php:40
Stack trace:
#0 /home/ubuntu/workspace/cst336/labs/lab6/api/getSearchResults.php(40): PDOStatement->execute(Array)
#1 {main}
  thrown in /home/ubuntu/workspace/cst336/labs/lab6/api/getSearchResults.php on line 40
[23-Mar-2019 00:08:26 UTC] PHP Fatal error:  Uncaught exception 'PDOException' with message 'SQLSTATE[42S22]: Column not found: 1054 Unknown column 'categoryId' in 'where clause'' in /home/ubuntu/workspace/cst336/labs/lab6/api/getSearchResults.php:40
Stack trace:
#0 /home/ubuntu/workspace/cst336/labs/lab6/api/getSearchResults.php(40): PDOStatement->execute(Array)
#1 {main}
  thrown in /home/ubuntu/workspace/cst336/labs/lab6/api/getSearchResults.php on line 40
[04-Apr-2019 23:44:58 UTC] PHP Fatal error:  Uncaught exception 'PDOException' with message 'SQLSTATE[42S22]: Column not found: 1054 Unknown column 'price' in 'order clause'' in /home/ubuntu/workspace/cst336/labs/lab6/api/getProducts.php:16
Stack trace:
#0 /home/ubuntu/workspace/cst336/labs/lab6/api/getProducts.php(16): PDOStatement->execute()
#1 {main}
  thrown in /home/ubuntu/workspace/cst336/labs/lab6/api/getProducts.php on line 16
[04-Apr-2019 23:45:36 UTC] PHP Fatal error:  Uncaught exception 'PDOException' with message 'SQLSTATE[42S22]: Column not found: 1054 Unknown column 'price' in 'order clause'' in /home/ubuntu/workspace/cst336/labs/lab6/api/getProducts.php:16
Stack trace:
#0 /home/ubuntu/workspace/cst336/labs/lab6/api/getProducts.php(16): PDOStatement->execute()
#1 {main}
  thrown in /home/ubuntu/workspace/cst336/labs/lab6/api/getProducts.php on line 16
[04-Apr-2019 23:47:13 UTC] PHP Fatal error:  Uncaught exception 'PDOException' with message 'SQLSTATE[42S22]: Column not found: 1054 Unknown column 'price' in 'order clause'' in /home/ubuntu/workspace/cst336/labs/lab6/api/getProducts.php:16
Stack trace:
#0 /home/ubuntu/workspace/cst336/labs/lab6/api/getProducts.php(16): PDOStatement->execute()
#1 {main}
  thrown in /home/ubuntu/workspace/cst336/labs/lab6/api/getProducts.php on line 16
[04-Apr-2019 23:47:14 UTC] PHP Fatal error:  Uncaught exception 'PDOException' with message 'SQLSTATE[42S22]: Column not found: 1054 Unknown column 'price' in 'order clause'' in /home/ubuntu/workspace/cst336/labs/lab6/api/getProducts.php:16
Stack trace:
#0 /home/ubuntu/workspace/cst336/labs/lab6/api/getProducts.php(16): PDOStatement->execute()
#1 {main}
  thrown in /home/ubuntu/workspace/cst336/labs/lab6/api/getProducts.php on line 16
[04-Apr-2019 23:50:59 UTC] PHP Fatal error:  Uncaught exception 'PDOException' with message 'SQLSTATE[42S22]: Column not found: 1054 Unknown column 'price' in 'order clause'' in /home/ubuntu/workspace/cst336/labs/lab6/api/getProducts.php:16
Stack trace:
#0 /home/ubuntu/workspace/cst336/labs/lab6/api/getProducts.php(16): PDOStatement->execute()
#1 {main}
  thrown in /home/ubuntu/workspace/cst336/labs/lab6/api/getProducts.php on line 16
[04-Apr-2019 23:51:00 UTC] PHP Fatal error:  Uncaught exception 'PDOException' with message 'SQLSTATE[42S22]: Column not found: 1054 Unknown column 'price' in 'order clause'' in /home/ubuntu/workspace/cst336/labs/lab6/api/getProducts.php:16
Stack trace:
#0 /home/ubuntu/workspace/cst336/labs/lab6/api/getProducts.php(16): PDOStatement->execute()
#1 {main}
  thrown in /home/ubuntu/workspace/cst336/labs/lab6/api/getProducts.php on line 16
[04-Apr-2019 23:54:24 UTC] PHP Fatal error:  Uncaught exception 'PDOException' with message 'SQLSTATE[42S22]: Column not found: 1054 Unknown column 'price' in 'order clause'' in /home/ubuntu/workspace/cst336/labs/lab6/api/getProducts.php:16
Stack trace:
#0 /home/ubuntu/workspace/cst336/labs/lab6/api/getProducts.php(16): PDOStatement->execute()
#1 {main}
  thrown in /home/ubuntu/workspace/cst336/labs/lab6/api/getProducts.php on line 16
[04-Apr-2019 23:55:23 UTC] PHP Fatal error:  Uncaught exception 'PDOException' with message 'SQLSTATE[42S22]: Column not found: 1054 Unknown column 'price' in 'order clause'' in /home/ubuntu/workspace/cst336/labs/lab6/api/getProducts.php:16
Stack trace:
#0 /home/ubuntu/workspace/cst336/labs/lab6/api/getProducts.php(16): PDOStatement->execute()
#1 {main}
  thrown in /home/ubuntu/workspace/cst336/labs/lab6/api/getProducts.php on line 16
[04-Apr-2019 23:55:33 UTC] PHP Fatal error:  Uncaught exception 'PDOException' with message 'SQLSTATE[42S22]: Column not found: 1054 Unknown column 'price' in 'order clause'' in /home/ubuntu/workspace/cst336/labs/lab6/api/getProducts.php:16
Stack trace:
#0 /home/ubuntu/workspace/cst336/labs/lab6/api/getProducts.php(16): PDOStatement->execute()
#1 {main}
  thrown in /home/ubuntu/workspace/cst336/labs/lab6/api/getProducts.php on line 16
[04-Apr-2019 23:55:45 UTC] PHP Fatal error:  Uncaught exception 'PDOException' with message 'SQLSTATE[42S22]: Column not found: 1054 Unknown column 'price' in 'order clause'' in /home/ubuntu/workspace/cst336/labs/lab6/api/getProducts.php:16
Stack trace:
#0 /home/ubuntu/workspace/cst336/labs/lab6/api/getProducts.php(16): PDOStatement->execute()
#1 {main}
  thrown in /home/ubuntu/workspace/cst336/labs/lab6/api/getProducts.php on line 16
[13-Apr-2019 23:00:30 UTC] PHP Warning:  include(../../inc/dbConnection.php): failed to open stream: No such file or directory in /home/ubuntu/workspace/cst336/labs/lab6/api/getProducts.php on line 3
[13-Apr-2019 23:00:30 UTC] PHP Stack trace:
[13-Apr-2019 23:00:30 UTC] PHP   1. {main}() /home/ubuntu/workspace/cst336/labs/lab6/api/getProducts.php:0
[13-Apr-2019 23:00:30 UTC] PHP Warning:  include(): Failed opening '../../inc/dbConnection.php' for inclusion (include_path='.:/usr/share/php:/usr/share/pear') in /home/ubuntu/workspace/cst336/labs/lab6/api/getProducts.php on line 3
[13-Apr-2019 23:00:30 UTC] PHP Stack trace:
[13-Apr-2019 23:00:30 UTC] PHP   1. {main}() /home/ubuntu/workspace/cst336/labs/lab6/api/getProducts.php:0
[13-Apr-2019 23:00:30 UTC] PHP Fatal error:  Uncaught exception 'PDOException' with message 'SQLSTATE[HY000] [1045] Access denied for user ''@'localhost' (using password: NO)' in /home/ubuntu/workspace/cst336/labs/lab6/api/getProducts.php:6
Stack trace:
#0 /home/ubuntu/workspace/cst336/labs/lab6/api/getProducts.php(6): PDO->__construct('mysql:host=;dbn...', NULL, NULL)
#1 {main}
  thrown in /home/ubuntu/workspace/cst336/labs/lab6/api/getProducts.php on line 6
[13-Apr-2019 23:00:30 UTC] PHP Warning:  include(../../inc/dbConnection.php): failed to open stream: No such file or directory in /home/ubuntu/workspace/cst336/labs/lab6/api/getProducts.php on line 3
[13-Apr-2019 23:00:31 UTC] PHP Stack trace:
[13-Apr-2019 23:00:31 UTC] PHP   1. {main}() /home/ubuntu/workspace/cst336/labs/lab6/api/getProducts.php:0
[13-Apr-2019 23:00:31 UTC] PHP Warning:  include(): Failed opening '../../inc/dbConnection.php' for inclusion (include_path='.:/usr/share/php:/usr/share/pear') in /home/ubuntu/workspace/cst336/labs/lab6/api/getProducts.php on line 3
[13-Apr-2019 23:00:31 UTC] PHP Stack trace:
[13-Apr-2019 23:00:31 UTC] PHP   1. {main}() /home/ubuntu/workspace/cst336/labs/lab6/api/getProducts.php:0
[13-Apr-2019 23:00:31 UTC] PHP Fatal error:  Uncaught exception 'PDOException' with message 'SQLSTATE[HY000] [1045] Access denied for user ''@'localhost' (using password: NO)' in /home/ubuntu/workspace/cst336/labs/lab6/api/getProducts.php:6
Stack trace:
#0 /home/ubuntu/workspace/cst336/labs/lab6/api/getProducts.php(6): PDO->__construct('mysql:host=;dbn...', NULL, NULL)
#1 {main}
  thrown in /home/ubuntu/workspace/cst336/labs/lab6/api/getProducts.php on line 6
[13-Apr-2019 23:00:40 UTC] PHP Warning:  include(../../inc/dbConnection.php): failed to open stream: No such file or directory in /home/ubuntu/workspace/cst336/labs/lab6/api/getProducts.php on line 3
[13-Apr-2019 23:00:40 UTC] PHP Stack trace:
[13-Apr-2019 23:00:40 UTC] PHP   1. {main}() /home/ubuntu/workspace/cst336/labs/lab6/api/getProducts.php:0
[13-Apr-2019 23:00:40 UTC] PHP Warning:  include(): Failed opening '../../inc/dbConnection.php' for inclusion (include_path='.:/usr/share/php:/usr/share/pear') in /home/ubuntu/workspace/cst336/labs/lab6/api/getProducts.php on line 3
[13-Apr-2019 23:00:40 UTC] PHP Stack trace:
[13-Apr-2019 23:00:40 UTC] PHP   1. {main}() /home/ubuntu/workspace/cst336/labs/lab6/api/getProducts.php:0
[13-Apr-2019 23:00:40 UTC] PHP Fatal error:  Uncaught exception 'PDOException' with message 'SQLSTATE[HY000] [1045] Access denied for user ''@'localhost' (using password: NO)' in /home/ubuntu/workspace/cst336/labs/lab6/api/getProducts.php:6
Stack trace:
#0 /home/ubuntu/workspace/cst336/labs/lab6/api/getProducts.php(6): PDO->__construct('mysql:host=;dbn...', NULL, NULL)
#1 {main}
  thrown in /home/ubuntu/workspace/cst336/labs/lab6/api/getProducts.php on line 6
[13-Apr-2019 23:00:40 UTC] PHP Warning:  include(../../inc/dbConnection.php): failed to open stream: No such file or directory in /home/ubuntu/workspace/cst336/labs/lab6/api/getProducts.php on line 3
[13-Apr-2019 23:00:40 UTC] PHP Stack trace:
[13-Apr-2019 23:00:40 UTC] PHP   1. {main}() /home/ubuntu/workspace/cst336/labs/lab6/api/getProducts.php:0
[13-Apr-2019 23:00:40 UTC] PHP Warning:  include(): Failed opening '../../inc/dbConnection.php' for inclusion (include_path='.:/usr/share/php:/usr/share/pear') in /home/ubuntu/workspace/cst336/labs/lab6/api/getProducts.php on line 3
[13-Apr-2019 23:00:40 UTC] PHP Stack trace:
[13-Apr-2019 23:00:40 UTC] PHP   1. {main}() /home/ubuntu/workspace/cst336/labs/lab6/api/getProducts.php:0
[13-Apr-2019 23:00:40 UTC] PHP Fatal error:  Uncaught exception 'PDOException' with message 'SQLSTATE[HY000] [1045] Access denied for user ''@'localhost' (using password: NO)' in /home/ubuntu/workspace/cst336/labs/lab6/api/getProducts.php:6
Stack trace:
#0 /home/ubuntu/workspace/cst336/labs/lab6/api/getProducts.php(6): PDO->__construct('mysql:host=;dbn...', NULL, NULL)
#1 {main}
  thrown in /home/ubuntu/workspace/cst336/labs/lab6/api/getProducts.php on line 6
[13-Apr-2019 23:04:00 UTC] PHP Fatal error:  Uncaught exception 'PDOException' with message 'SQLSTATE[HY000] [1045] Access denied for user ''@'localhost' (using password: NO)' in /home/ubuntu/workspace/cst336/labs/lab6/api/getProducts.php:6
Stack trace:
#0 /home/ubuntu/workspace/cst336/labs/lab6/api/getProducts.php(6): PDO->__construct('mysql:host=;dbn...', NULL, NULL)
#1 {main}
  thrown in /home/ubuntu/workspace/cst336/labs/lab6/api/getProducts.php on line 6
[13-Apr-2019 23:04:00 UTC] PHP Fatal error:  Uncaught exception 'PDOException' with message 'SQLSTATE[HY000] [1045] Access denied for user ''@'localhost' (using password: NO)' in /home/ubuntu/workspace/cst336/labs/lab6/api/getProducts.php:6
Stack trace:
#0 /home/ubuntu/workspace/cst336/labs/lab6/api/getProducts.php(6): PDO->__construct('mysql:host=;dbn...', NULL, NULL)
#1 {main}
  thrown in /home/ubuntu/workspace/cst336/labs/lab6/api/getProducts.php on line 6
[13-Apr-2019 23:05:30 UTC] PHP Fatal error:  Uncaught exception 'PDOException' with message 'SQLSTATE[HY000] [1045] Access denied for user ''@'localhost' (using password: NO)' in /home/ubuntu/workspace/cst336/labs/lab6/api/getProducts.php:7
Stack trace:
#0 /home/ubuntu/workspace/cst336/labs/lab6/api/getProducts.php(7): PDO->__construct('mysql:host=;dbn...', NULL, NULL)
#1 {main}
  thrown in /home/ubuntu/workspace/cst336/labs/lab6/api/getProducts.php on line 7
[13-Apr-2019 23:05:30 UTC] PHP Fatal error:  Uncaught exception 'PDOException' with message 'SQLSTATE[HY000] [1045] Access denied for user ''@'localhost' (using password: NO)' in /home/ubuntu/workspace/cst336/labs/lab6/api/getProducts.php:7
Stack trace:
#0 /home/ubuntu/workspace/cst336/labs/lab6/api/getProducts.php(7): PDO->__construct('mysql:host=;dbn...', NULL, NULL)
#1 {main}
  thrown in /home/ubuntu/workspace/cst336/labs/lab6/api/getProducts.php on line 7
[13-Apr-2019 23:16:47 UTC] PHP Fatal error:  Uncaught exception 'PDOException' with message 'SQLSTATE[HY000] [1045] Access denied for user ''@'localhost' (using password: NO)' in /home/ubuntu/workspace/cst336/labs/lab6/api/getProducts.php:10
Stack trace:
#0 /home/ubuntu/workspace/cst336/labs/lab6/api/getProducts.php(10): PDO->__construct('mysql:host=;dbn...', NULL, NULL)
#1 {main}
  thrown in /home/ubuntu/workspace/cst336/labs/lab6/api/getProducts.php on line 10
[13-Apr-2019 23:16:47 UTC] PHP Fatal error:  Uncaught exception 'PDOException' with message 'SQLSTATE[HY000] [1045] Access denied for user ''@'localhost' (using password: NO)' in /home/ubuntu/workspace/cst336/labs/lab6/api/getProducts.php:10
Stack trace:
#0 /home/ubuntu/workspace/cst336/labs/lab6/api/getProducts.php(10): PDO->__construct('mysql:host=;dbn...', NULL, NULL)
#1 {main}
  thrown in /home/ubuntu/workspace/cst336/labs/lab6/api/getProducts.php on line 10
[13-Apr-2019 23:16:48 UTC] PHP Fatal error:  Uncaught exception 'PDOException' with message 'SQLSTATE[HY000] [1045] Access denied for user ''@'localhost' (using password: NO)' in /home/ubuntu/workspace/cst336/labs/lab6/api/getProducts.php:10
Stack trace:
#0 /home/ubuntu/workspace/cst336/labs/lab6/api/getProducts.php(10): PDO->__construct('mysql:host=;dbn...', NULL, NULL)
#1 {main}
  thrown in /home/ubuntu/workspace/cst336/labs/lab6/api/getProducts.php on line 10
[13-Apr-2019 23:16:48 UTC] PHP Fatal error:  Uncaught exception 'PDOException' with message 'SQLSTATE[HY000] [1045] Access denied for user ''@'localhost' (using password: NO)' in /home/ubuntu/workspace/cst336/labs/lab6/api/getProducts.php:10
Stack trace:
#0 /home/ubuntu/workspace/cst336/labs/lab6/api/getProducts.php(10): PDO->__construct('mysql:host=;dbn...', NULL, NULL)
#1 {main}
  thrown in /home/ubuntu/workspace/cst336/labs/lab6/api/getProducts.php on line 10
[13-Apr-2019 23:17:13 UTC] PHP Fatal error:  Uncaught exception 'PDOException' with message 'SQLSTATE[HY000] [1045] Access denied for user ''@'localhost' (using password: NO)' in /home/ubuntu/workspace/cst336/labs/lab6/api/getProducts.php:10
Stack trace:
#0 /home/ubuntu/workspace/cst336/labs/lab6/api/getProducts.php(10): PDO->__construct('mysql:host=;dbn...', NULL, NULL)
#1 {main}
  thrown in /home/ubuntu/workspace/cst336/labs/lab6/api/getProducts.php on line 10
[13-Apr-2019 23:17:13 UTC] PHP Fatal error:  Uncaught exception 'PDOException' with message 'SQLSTATE[HY000] [1045] Access denied for user ''@'localhost' (using password: NO)' in /home/ubuntu/workspace/cst336/labs/lab6/api/getProducts.php:10
Stack trace:
#0 /home/ubuntu/workspace/cst336/labs/lab6/api/getProducts.php(10): PDO->__construct('mysql:host=;dbn...', NULL, NULL)
#1 {main}
  thrown in /home/ubuntu/workspace/cst336/labs/lab6/api/getProducts.php on line 10
[13-Apr-2019 23:17:15 UTC] PHP Fatal error:  Uncaught exception 'PDOException' with message 'SQLSTATE[HY000] [1045] Access denied for user ''@'localhost' (using password: NO)' in /home/ubuntu/workspace/cst336/labs/lab6/api/getProducts.php:10
Stack trace:
#0 /home/ubuntu/workspace/cst336/labs/lab6/api/getProducts.php(10): PDO->__construct('mysql:host=;dbn...', NULL, NULL)
#1 {main}
  thrown in /home/ubuntu/workspace/cst336/labs/lab6/api/getProducts.php on line 10
[13-Apr-2019 23:17:15 UTC] PHP Fatal error:  Uncaught exception 'PDOException' with message 'SQLSTATE[HY000] [1045] Access denied for user ''@'localhost' (using password: NO)' in /home/ubuntu/workspace/cst336/labs/lab6/api/getProducts.php:10
Stack trace:
#0 /home/ubuntu/workspace/cst336/labs/lab6/api/getProducts.php(10): PDO->__construct('mysql:host=;dbn...', NULL, NULL)
#1 {main}
  thrown in /home/ubuntu/workspace/cst336/labs/lab6/api/getProducts.php on line 10
[13-Apr-2019 23:17:42 UTC] PHP Fatal error:  Uncaught exception 'PDOException' with message 'SQLSTATE[HY000] [1045] Access denied for user ''@'localhost' (using password: NO)' in /home/ubuntu/workspace/cst336/labs/lab6/api/getProducts.php:10
Stack trace:
#0 /home/ubuntu/workspace/cst336/labs/lab6/api/getProducts.php(10): PDO->__construct('mysql:host=;dbn...', NULL, NULL)
#1 {main}
  thrown in /home/ubuntu/workspace/cst336/labs/lab6/api/getProducts.php on line 10
[13-Apr-2019 23:17:43 UTC] PHP Fatal error:  Uncaught exception 'PDOException' with message 'SQLSTATE[HY000] [1045] Access denied for user ''@'localhost' (using password: NO)' in /home/ubuntu/workspace/cst336/labs/lab6/api/getProducts.php:10
Stack trace:
#0 /home/ubuntu/workspace/cst336/labs/lab6/api/getProducts.php(10): PDO->__construct('mysql:host=;dbn...', NULL, NULL)
#1 {main}
  thrown in /home/ubuntu/workspace/cst336/labs/lab6/api/getProducts.php on line 10
[13-Apr-2019 23:23:10 UTC] PHP Warning:  include(../../inc/dbConnection.php): failed to open stream: No such file or directory in /home/ubuntu/workspace/cst336/labs/lab6/api/getProducts.php on line 10
[13-Apr-2019 23:23:10 UTC] PHP Stack trace:
[13-Apr-2019 23:23:10 UTC] PHP   1. {main}() /home/ubuntu/workspace/cst336/labs/lab6/api/getProducts.php:0
[13-Apr-2019 23:23:10 UTC] PHP Warning:  include(): Failed opening '../../inc/dbConnection.php' for inclusion (include_path='.:/usr/share/php:/usr/share/pear') in /home/ubuntu/workspace/cst336/labs/lab6/api/getProducts.php on line 10
[13-Apr-2019 23:23:10 UTC] PHP Stack trace:
[13-Apr-2019 23:23:10 UTC] PHP   1. {main}() /home/ubuntu/workspace/cst336/labs/lab6/api/getProducts.php:0
[13-Apr-2019 23:23:10 UTC] PHP Fatal error:  Call to undefined function getDatabaseConnection() in /home/ubuntu/workspace/cst336/labs/lab6/api/getProducts.php on line 12
[13-Apr-2019 23:23:10 UTC] PHP Stack trace:
[13-Apr-2019 23:23:10 UTC] PHP   1. {main}() /home/ubuntu/workspace/cst336/labs/lab6/api/getProducts.php:0
[13-Apr-2019 23:23:10 UTC] PHP Warning:  include(../../inc/dbConnection.php): failed to open stream: No such file or directory in /home/ubuntu/workspace/cst336/labs/lab6/api/getProducts.php on line 10
[13-Apr-2019 23:23:10 UTC] PHP Stack trace:
[13-Apr-2019 23:23:10 UTC] PHP   1. {main}() /home/ubuntu/workspace/cst336/labs/lab6/api/getProducts.php:0
[13-Apr-2019 23:23:10 UTC] PHP Warning:  include(): Failed opening '../../inc/dbConnection.php' for inclusion (include_path='.:/usr/share/php:/usr/share/pear') in /home/ubuntu/workspace/cst336/labs/lab6/api/getProducts.php on line 10
[13-Apr-2019 23:23:10 UTC] PHP Stack trace:
[13-Apr-2019 23:23:10 UTC] PHP   1. {main}() /home/ubuntu/workspace/cst336/labs/lab6/api/getProducts.php:0
[13-Apr-2019 23:23:10 UTC] PHP Fatal error:  Call to undefined function getDatabaseConnection() in /home/ubuntu/workspace/cst336/labs/lab6/api/getProducts.php on line 12
[13-Apr-2019 23:23:10 UTC] PHP Stack trace:
[13-Apr-2019 23:23:10 UTC] PHP   1. {main}() /home/ubuntu/workspace/cst336/labs/lab6/api/getProducts.php:0
[13-Apr-2019 23:23:11 UTC] PHP Warning:  include(../../inc/dbConnection.php): failed to open stream: No such file or directory in /home/ubuntu/workspace/cst336/labs/lab6/api/getProducts.php on line 10
[13-Apr-2019 23:23:11 UTC] PHP Stack trace:
[13-Apr-2019 23:23:11 UTC] PHP   1. {main}() /home/ubuntu/workspace/cst336/labs/lab6/api/getProducts.php:0
[13-Apr-2019 23:23:11 UTC] PHP Warning:  include(): Failed opening '../../inc/dbConnection.php' for inclusion (include_path='.:/usr/share/php:/usr/share/pear') in /home/ubuntu/workspace/cst336/labs/lab6/api/getProducts.php on line 10
[13-Apr-2019 23:23:11 UTC] PHP Stack trace:
[13-Apr-2019 23:23:11 UTC] PHP   1. {main}() /home/ubuntu/workspace/cst336/labs/lab6/api/getProducts.php:0
[13-Apr-2019 23:23:11 UTC] PHP Fatal error:  Call to undefined function getDatabaseConnection() in /home/ubuntu/workspace/cst336/labs/lab6/api/getProducts.php on line 12
[13-Apr-2019 23:23:11 UTC] PHP Stack trace:
[13-Apr-2019 23:23:11 UTC] PHP   1. {main}() /home/ubuntu/workspace/cst336/labs/lab6/api/getProducts.php:0
[13-Apr-2019 23:23:12 UTC] PHP Warning:  include(../../inc/dbConnection.php): failed to open stream: No such file or directory in /home/ubuntu/workspace/cst336/labs/lab6/api/getProducts.php on line 10
[13-Apr-2019 23:23:12 UTC] PHP Stack trace:
[13-Apr-2019 23:23:12 UTC] PHP   1. {main}() /home/ubuntu/workspace/cst336/labs/lab6/api/getProducts.php:0
[13-Apr-2019 23:23:12 UTC] PHP Warning:  include(): Failed opening '../../inc/dbConnection.php' for inclusion (include_path='.:/usr/share/php:/usr/share/pear') in /home/ubuntu/workspace/cst336/labs/lab6/api/getProducts.php on line 10
[13-Apr-2019 23:23:12 UTC] PHP Stack trace:
[13-Apr-2019 23:23:12 UTC] PHP   1. {main}() /home/ubuntu/workspace/cst336/labs/lab6/api/getProducts.php:0
[13-Apr-2019 23:23:12 UTC] PHP Fatal error:  Call to undefined function getDatabaseConnection() in /home/ubuntu/workspace/cst336/labs/lab6/api/getProducts.php on line 12
[13-Apr-2019 23:23:12 UTC] PHP Stack trace:
[13-Apr-2019 23:23:12 UTC] PHP   1. {main}() /home/ubuntu/workspace/cst336/labs/lab6/api/getProducts.php:0
[13-Apr-2019 23:46:05 UTC] PHP Warning:  include(../dbConnection.php): failed to open stream: No such file or directory in /home/ubuntu/workspace/cst336/labs/lab6/api/getProducts.php on line 10
[13-Apr-2019 23:46:05 UTC] PHP Stack trace:
[13-Apr-2019 23:46:05 UTC] PHP   1. {main}() /home/ubuntu/workspace/cst336/labs/lab6/api/getProducts.php:0
[13-Apr-2019 23:46:05 UTC] PHP Warning:  include(): Failed opening '../dbConnection.php' for inclusion (include_path='.:/usr/share/php:/usr/share/pear') in /home/ubuntu/workspace/cst336/labs/lab6/api/getProducts.php on line 10
[13-Apr-2019 23:46:05 UTC] PHP Stack trace:
[13-Apr-2019 23:46:05 UTC] PHP   1. {main}() /home/ubuntu/workspace/cst336/labs/lab6/api/getProducts.php:0
[13-Apr-2019 23:46:05 UTC] PHP Fatal error:  Call to undefined function getDatabaseConnection() in /home/ubuntu/workspace/cst336/labs/lab6/api/getProducts.php on line 12
[13-Apr-2019 23:46:05 UTC] PHP Stack trace:
[13-Apr-2019 23:46:05 UTC] PHP   1. {main}() /home/ubuntu/workspace/cst336/labs/lab6/api/getProducts.php:0
[13-Apr-2019 23:46:05 UTC] PHP Warning:  include(../dbConnection.php): failed to open stream: No such file or directory in /home/ubuntu/workspace/cst336/labs/lab6/api/getProducts.php on line 10
[13-Apr-2019 23:46:05 UTC] PHP Stack trace:
[13-Apr-2019 23:46:05 UTC] PHP   1. {main}() /home/ubuntu/workspace/cst336/labs/lab6/api/getProducts.php:0
[13-Apr-2019 23:46:05 UTC] PHP Warning:  include(): Failed opening '../dbConnection.php' for inclusion (include_path='.:/usr/share/php:/usr/share/pear') in /home/ubuntu/workspace/cst336/labs/lab6/api/getProducts.php on line 10
[13-Apr-2019 23:46:05 UTC] PHP Stack trace:
[13-Apr-2019 23:46:05 UTC] PHP   1. {main}() /home/ubuntu/workspace/cst336/labs/lab6/api/getProducts.php:0
[13-Apr-2019 23:46:05 UTC] PHP Fatal error:  Call to undefined function getDatabaseConnection() in /home/ubuntu/workspace/cst336/labs/lab6/api/getProducts.php on line 12
[13-Apr-2019 23:46:05 UTC] PHP Stack trace:
[13-Apr-2019 23:46:05 UTC] PHP   1. {main}() /home/ubuntu/workspace/cst336/labs/lab6/api/getProducts.php:0
[13-Apr-2019 23:46:12 UTC] PHP Warning:  include(../dbConnection.php): failed to open stream: No such file or directory in /home/ubuntu/workspace/cst336/labs/lab6/api/getProducts.php on line 10
[13-Apr-2019 23:46:12 UTC] PHP Stack trace:
[13-Apr-2019 23:46:12 UTC] PHP   1. {main}() /home/ubuntu/workspace/cst336/labs/lab6/api/getProducts.php:0
[13-Apr-2019 23:46:12 UTC] PHP Warning:  include(): Failed opening '../dbConnection.php' for inclusion (include_path='.:/usr/share/php:/usr/share/pear') in /home/ubuntu/workspace/cst336/labs/lab6/api/getProducts.php on line 10
[13-Apr-2019 23:46:12 UTC] PHP Stack trace:
[13-Apr-2019 23:46:12 UTC] PHP   1. {main}() /home/ubuntu/workspace/cst336/labs/lab6/api/getProducts.php:0
[13-Apr-2019 23:46:12 UTC] PHP Fatal error:  Call to undefined function getDatabaseConnection() in /home/ubuntu/workspace/cst336/labs/lab6/api/getProducts.php on line 12
[13-Apr-2019 23:46:12 UTC] PHP Stack trace:
[13-Apr-2019 23:46:12 UTC] PHP   1. {main}() /home/ubuntu/workspace/cst336/labs/lab6/api/getProducts.php:0
[13-Apr-2019 23:46:12 UTC] PHP Warning:  include(../dbConnection.php): failed to open stream: No such file or directory in /home/ubuntu/workspace/cst336/labs/lab6/api/getProducts.php on line 10
[13-Apr-2019 23:46:12 UTC] PHP Stack trace:
[13-Apr-2019 23:46:12 UTC] PHP   1. {main}() /home/ubuntu/workspace/cst336/labs/lab6/api/getProducts.php:0
[13-Apr-2019 23:46:12 UTC] PHP Warning:  include(): Failed opening '../dbConnection.php' for inclusion (include_path='.:/usr/share/php:/usr/share/pear') in /home/ubuntu/workspace/cst336/labs/lab6/api/getProducts.php on line 10
[13-Apr-2019 23:46:12 UTC] PHP Stack trace:
[13-Apr-2019 23:46:12 UTC] PHP   1. {main}() /home/ubuntu/workspace/cst336/labs/lab6/api/getProducts.php:0
[13-Apr-2019 23:46:12 UTC] PHP Fatal error:  Call to undefined function getDatabaseConnection() in /home/ubuntu/workspace/cst336/labs/lab6/api/getProducts.php on line 12
[13-Apr-2019 23:46:12 UTC] PHP Stack trace:
[13-Apr-2019 23:46:12 UTC] PHP   1. {main}() /home/ubuntu/workspace/cst336/labs/lab6/api/getProducts.php:0
[13-Apr-2019 23:47:14 UTC] PHP Warning:  include(../dbConnection.php): failed to open stream: No such file or directory in /home/ubuntu/workspace/cst336/labs/lab6/api/getProducts.php on line 10
[13-Apr-2019 23:47:14 UTC] PHP Stack trace:
[13-Apr-2019 23:47:14 UTC] PHP   1. {main}() /home/ubuntu/workspace/cst336/labs/lab6/api/getProducts.php:0
[13-Apr-2019 23:47:14 UTC] PHP Warning:  include(): Failed opening '../dbConnection.php' for inclusion (include_path='.:/usr/share/php:/usr/share/pear') in /home/ubuntu/workspace/cst336/labs/lab6/api/getProducts.php on line 10
[13-Apr-2019 23:47:14 UTC] PHP Stack trace:
[13-Apr-2019 23:47:14 UTC] PHP   1. {main}() /home/ubuntu/workspace/cst336/labs/lab6/api/getProducts.php:0
[13-Apr-2019 23:47:14 UTC] PHP Fatal error:  Call to undefined function getDatabaseConnection() in /home/ubuntu/workspace/cst336/labs/lab6/api/getProducts.php on line 12
[13-Apr-2019 23:47:14 UTC] PHP Stack trace:
[13-Apr-2019 23:47:14 UTC] PHP   1. {main}() /home/ubuntu/workspace/cst336/labs/lab6/api/getProducts.php:0
[13-Apr-2019 23:47:14 UTC] PHP Warning:  include(../dbConnection.php): failed to open stream: No such file or directory in /home/ubuntu/workspace/cst336/labs/lab6/api/getProducts.php on line 10
[13-Apr-2019 23:47:14 UTC] PHP Stack trace:
[13-Apr-2019 23:47:14 UTC] PHP   1. {main}() /home/ubuntu/workspace/cst336/labs/lab6/api/getProducts.php:0
[13-Apr-2019 23:47:14 UTC] PHP Warning:  include(): Failed opening '../dbConnection.php' for inclusion (include_path='.:/usr/share/php:/usr/share/pear') in /home/ubuntu/workspace/cst336/labs/lab6/api/getProducts.php on line 10
[13-Apr-2019 23:47:14 UTC] PHP Stack trace:
[13-Apr-2019 23:47:14 UTC] PHP   1. {main}() /home/ubuntu/workspace/cst336/labs/lab6/api/getProducts.php:0
[13-Apr-2019 23:47:14 UTC] PHP Fatal error:  Call to undefined function getDatabaseConnection() in /home/ubuntu/workspace/cst336/labs/lab6/api/getProducts.php on line 12
[13-Apr-2019 23:47:14 UTC] PHP Stack trace:
[13-Apr-2019 23:47:14 UTC] PHP   1. {main}() /home/ubuntu/workspace/cst336/labs/lab6/api/getProducts.php:0
