[17-Apr-2019 00:16:39 UTC] PHP Warning:  shuffle() expects parameter 1 to be array, null given in /home/ubuntu/workspace/cst336/labs/lab8/api/pixabayProxy.php on line 37
[17-Apr-2019 00:16:39 UTC] PHP Stack trace:
[17-Apr-2019 00:16:39 UTC] PHP   1. {main}() /home/ubuntu/workspace/cst336/labs/lab8/api/pixabayProxy.php:0
[17-Apr-2019 00:16:39 UTC] PHP   2. shuffle() /home/ubuntu/workspace/cst336/labs/lab8/api/pixabayProxy.php:37
[23-Apr-2019 22:52:58 UTC] PHP Fatal error:  Uncaught exception 'PDOException' with message 'SQLSTATE[42S02]: Base table or view not found: 1146 Table 'c9.lab_gallery' doesn't exist' in /home/ubuntu/workspace/cst336/labs/lab8/api/favoritesAPI.php:25
Stack trace:
#0 /home/ubuntu/workspace/cst336/labs/lab8/api/favoritesAPI.php(25): PDOStatement->execute(Array)
#1 {main}
  thrown in /home/ubuntu/workspace/cst336/labs/lab8/api/favoritesAPI.php on line 25
[23-Apr-2019 22:54:17 UTC] PHP Fatal error:  Uncaught exception 'PDOException' with message 'SQLSTATE[42S22]: Column not found: 1054 Unknown column 'favorite' in 'field list'' in /home/ubuntu/workspace/cst336/labs/lab8/api/favoritesAPI.php:25
Stack trace:
#0 /home/ubuntu/workspace/cst336/labs/lab8/api/favoritesAPI.php(25): PDOStatement->execute(Array)
#1 {main}
  thrown in /home/ubuntu/workspace/cst336/labs/lab8/api/favoritesAPI.php on line 25
[25-Apr-2019 23:13:34 UTC] PHP Fatal error:  Uncaught exception 'PDOException' with message 'SQLSTATE[HY000]: General error' in /home/ubuntu/workspace/cst336/labs/lab8/api/favoritesAPI.php:33
Stack trace:
#0 /home/ubuntu/workspace/cst336/labs/lab8/api/favoritesAPI.php(33): PDOStatement->fetchAll(2)
#1 {main}
  thrown in /home/ubuntu/workspace/cst336/labs/lab8/api/favoritesAPI.php on line 33
[25-Apr-2019 23:13:35 UTC] PHP Fatal error:  Uncaught exception 'PDOException' with message 'SQLSTATE[HY000]: General error' in /home/ubuntu/workspace/cst336/labs/lab8/api/favoritesAPI.php:33
Stack trace:
#0 /home/ubuntu/workspace/cst336/labs/lab8/api/favoritesAPI.php(33): PDOStatement->fetchAll(2)
#1 {main}
  thrown in /home/ubuntu/workspace/cst336/labs/lab8/api/favoritesAPI.php on line 33
[25-Apr-2019 23:13:45 UTC] PHP Fatal error:  Uncaught exception 'PDOException' with message 'SQLSTATE[HY000]: General error' in /home/ubuntu/workspace/cst336/labs/lab8/api/favoritesAPI.php:33
Stack trace:
#0 /home/ubuntu/workspace/cst336/labs/lab8/api/favoritesAPI.php(33): PDOStatement->fetchAll(2)
#1 {main}
  thrown in /home/ubuntu/workspace/cst336/labs/lab8/api/favoritesAPI.php on line 33
[25-Apr-2019 23:13:47 UTC] PHP Fatal error:  Uncaught exception 'PDOException' with message 'SQLSTATE[HY000]: General error' in /home/ubuntu/workspace/cst336/labs/lab8/api/favoritesAPI.php:33
Stack trace:
#0 /home/ubuntu/workspace/cst336/labs/lab8/api/favoritesAPI.php(33): PDOStatement->fetchAll(2)
#1 {main}
  thrown in /home/ubuntu/workspace/cst336/labs/lab8/api/favoritesAPI.php on line 33
[25-Apr-2019 23:18:13 UTC] PHP Fatal error:  Uncaught exception 'PDOException' with message 'SQLSTATE[HY000]: General error' in /home/ubuntu/workspace/cst336/labs/lab8/api/favoritesAPI.php:33
Stack trace:
#0 /home/ubuntu/workspace/cst336/labs/lab8/api/favoritesAPI.php(33): PDOStatement->fetchAll(2)
#1 {main}
  thrown in /home/ubuntu/workspace/cst336/labs/lab8/api/favoritesAPI.php on line 33
[25-Apr-2019 23:18:18 UTC] PHP Fatal error:  Uncaught exception 'PDOException' with message 'SQLSTATE[HY000]: General error' in /home/ubuntu/workspace/cst336/labs/lab8/api/favoritesAPI.php:33
Stack trace:
#0 /home/ubuntu/workspace/cst336/labs/lab8/api/favoritesAPI.php(33): PDOStatement->fetchAll(2)
#1 {main}
  thrown in /home/ubuntu/workspace/cst336/labs/lab8/api/favoritesAPI.php on line 33
[25-Apr-2019 23:18:19 UTC] PHP Fatal error:  Uncaught exception 'PDOException' with message 'SQLSTATE[HY000]: General error' in /home/ubuntu/workspace/cst336/labs/lab8/api/favoritesAPI.php:33
Stack trace:
#0 /home/ubuntu/workspace/cst336/labs/lab8/api/favoritesAPI.php(33): PDOStatement->fetchAll(2)
#1 {main}
  thrown in /home/ubuntu/workspace/cst336/labs/lab8/api/favoritesAPI.php on line 33
[25-Apr-2019 23:18:20 UTC] PHP Fatal error:  Uncaught exception 'PDOException' with message 'SQLSTATE[HY000]: General error' in /home/ubuntu/workspace/cst336/labs/lab8/api/favoritesAPI.php:33
Stack trace:
#0 /home/ubuntu/workspace/cst336/labs/lab8/api/favoritesAPI.php(33): PDOStatement->fetchAll(2)
#1 {main}
  thrown in /home/ubuntu/workspace/cst336/labs/lab8/api/favoritesAPI.php on line 33
[25-Apr-2019 23:35:12 UTC] PHP Fatal error:  Uncaught exception 'PDOException' with message 'SQLSTATE[HY000]: General error' in /home/ubuntu/workspace/cst336/labs/lab8/api/favoritesAPI.php:33
Stack trace:
#0 /home/ubuntu/workspace/cst336/labs/lab8/api/favoritesAPI.php(33): PDOStatement->fetchAll(2)
#1 {main}
  thrown in /home/ubuntu/workspace/cst336/labs/lab8/api/favoritesAPI.php on line 33
[25-Apr-2019 23:35:17 UTC] PHP Fatal error:  Uncaught exception 'PDOException' with message 'SQLSTATE[HY000]: General error' in /home/ubuntu/workspace/cst336/labs/lab8/api/favoritesAPI.php:33
Stack trace:
#0 /home/ubuntu/workspace/cst336/labs/lab8/api/favoritesAPI.php(33): PDOStatement->fetchAll(2)
#1 {main}
  thrown in /home/ubuntu/workspace/cst336/labs/lab8/api/favoritesAPI.php on line 33
[25-Apr-2019 23:35:19 UTC] PHP Fatal error:  Uncaught exception 'PDOException' with message 'SQLSTATE[HY000]: General error' in /home/ubuntu/workspace/cst336/labs/lab8/api/favoritesAPI.php:33
Stack trace:
#0 /home/ubuntu/workspace/cst336/labs/lab8/api/favoritesAPI.php(33): PDOStatement->fetchAll(2)
#1 {main}
  thrown in /home/ubuntu/workspace/cst336/labs/lab8/api/favoritesAPI.php on line 33
[25-Apr-2019 23:35:19 UTC] PHP Fatal error:  Uncaught exception 'PDOException' with message 'SQLSTATE[HY000]: General error' in /home/ubuntu/workspace/cst336/labs/lab8/api/favoritesAPI.php:33
Stack trace:
#0 /home/ubuntu/workspace/cst336/labs/lab8/api/favoritesAPI.php(33): PDOStatement->fetchAll(2)
#1 {main}
  thrown in /home/ubuntu/workspace/cst336/labs/lab8/api/favoritesAPI.php on line 33
[25-Apr-2019 23:37:17 UTC] PHP Fatal error:  Uncaught exception 'PDOException' with message 'SQLSTATE[HY000]: General error' in /home/ubuntu/workspace/cst336/labs/lab8/api/favoritesAPI.php:33
Stack trace:
#0 /home/ubuntu/workspace/cst336/labs/lab8/api/favoritesAPI.php(33): PDOStatement->fetchAll(2)
#1 {main}
  thrown in /home/ubuntu/workspace/cst336/labs/lab8/api/favoritesAPI.php on line 33
[25-Apr-2019 23:50:58 UTC] PHP Fatal error:  Uncaught exception 'PDOException' with message 'SQLSTATE[42000]: Syntax error or access violation: 1065 Query was empty' in /home/ubuntu/workspace/cst336/labs/lab8/api/favoritesAPI.php:32
Stack trace:
#0 /home/ubuntu/workspace/cst336/labs/lab8/api/favoritesAPI.php(32): PDOStatement->execute(Array)
#1 {main}
  thrown in /home/ubuntu/workspace/cst336/labs/lab8/api/favoritesAPI.php on line 32
[27-Apr-2019 22:57:23 UTC] PHP Fatal error:  Uncaught exception 'PDOException' with message 'SQLSTATE[HY000]: General error' in /home/ubuntu/workspace/cst336/labs/lab8/api/favoritesAPI.php:36
Stack trace:
#0 /home/ubuntu/workspace/cst336/labs/lab8/api/favoritesAPI.php(36): PDOStatement->fetchAll(2)
#1 {main}
  thrown in /home/ubuntu/workspace/cst336/labs/lab8/api/favoritesAPI.php on line 36
[27-Apr-2019 23:08:17 UTC] PHP Fatal error:  Uncaught exception 'PDOException' with message 'SQLSTATE[HY000]: General error' in /home/ubuntu/workspace/cst336/labs/lab8/api/favoritesAPI.php:36
Stack trace:
#0 /home/ubuntu/workspace/cst336/labs/lab8/api/favoritesAPI.php(36): PDOStatement->fetchAll(2)
#1 {main}
  thrown in /home/ubuntu/workspace/cst336/labs/lab8/api/favoritesAPI.php on line 36
[27-Apr-2019 23:08:18 UTC] PHP Fatal error:  Uncaught exception 'PDOException' with message 'SQLSTATE[HY000]: General error' in /home/ubuntu/workspace/cst336/labs/lab8/api/favoritesAPI.php:36
Stack trace:
#0 /home/ubuntu/workspace/cst336/labs/lab8/api/favoritesAPI.php(36): PDOStatement->fetchAll(2)
#1 {main}
  thrown in /home/ubuntu/workspace/cst336/labs/lab8/api/favoritesAPI.php on line 36
[27-Apr-2019 23:08:19 UTC] PHP Fatal error:  Uncaught exception 'PDOException' with message 'SQLSTATE[HY000]: General error' in /home/ubuntu/workspace/cst336/labs/lab8/api/favoritesAPI.php:36
Stack trace:
#0 /home/ubuntu/workspace/cst336/labs/lab8/api/favoritesAPI.php(36): PDOStatement->fetchAll(2)
#1 {main}
  thrown in /home/ubuntu/workspace/cst336/labs/lab8/api/favoritesAPI.php on line 36
[27-Apr-2019 23:08:52 UTC] PHP Fatal error:  Uncaught exception 'PDOException' with message 'SQLSTATE[HY000]: General error' in /home/ubuntu/workspace/cst336/labs/lab8/api/favoritesAPI.php:36
Stack trace:
#0 /home/ubuntu/workspace/cst336/labs/lab8/api/favoritesAPI.php(36): PDOStatement->fetchAll(2)
#1 {main}
  thrown in /home/ubuntu/workspace/cst336/labs/lab8/api/favoritesAPI.php on line 36
[27-Apr-2019 23:08:53 UTC] PHP Fatal error:  Uncaught exception 'PDOException' with message 'SQLSTATE[HY000]: General error' in /home/ubuntu/workspace/cst336/labs/lab8/api/favoritesAPI.php:36
Stack trace:
#0 /home/ubuntu/workspace/cst336/labs/lab8/api/favoritesAPI.php(36): PDOStatement->fetchAll(2)
#1 {main}
  thrown in /home/ubuntu/workspace/cst336/labs/lab8/api/favoritesAPI.php on line 36
[27-Apr-2019 23:08:54 UTC] PHP Fatal error:  Uncaught exception 'PDOException' with message 'SQLSTATE[HY000]: General error' in /home/ubuntu/workspace/cst336/labs/lab8/api/favoritesAPI.php:36
Stack trace:
#0 /home/ubuntu/workspace/cst336/labs/lab8/api/favoritesAPI.php(36): PDOStatement->fetchAll(2)
#1 {main}
  thrown in /home/ubuntu/workspace/cst336/labs/lab8/api/favoritesAPI.php on line 36
[27-Apr-2019 23:09:13 UTC] PHP Fatal error:  Uncaught exception 'PDOException' with message 'SQLSTATE[HY000]: General error' in /home/ubuntu/workspace/cst336/labs/lab8/api/favoritesAPI.php:36
Stack trace:
#0 /home/ubuntu/workspace/cst336/labs/lab8/api/favoritesAPI.php(36): PDOStatement->fetchAll(2)
#1 {main}
  thrown in /home/ubuntu/workspace/cst336/labs/lab8/api/favoritesAPI.php on line 36
[27-Apr-2019 23:09:14 UTC] PHP Fatal error:  Uncaught exception 'PDOException' with message 'SQLSTATE[HY000]: General error' in /home/ubuntu/workspace/cst336/labs/lab8/api/favoritesAPI.php:36
Stack trace:
#0 /home/ubuntu/workspace/cst336/labs/lab8/api/favoritesAPI.php(36): PDOStatement->fetchAll(2)
#1 {main}
  thrown in /home/ubuntu/workspace/cst336/labs/lab8/api/favoritesAPI.php on line 36
[27-Apr-2019 23:09:16 UTC] PHP Fatal error:  Uncaught exception 'PDOException' with message 'SQLSTATE[HY000]: General error' in /home/ubuntu/workspace/cst336/labs/lab8/api/favoritesAPI.php:36
Stack trace:
#0 /home/ubuntu/workspace/cst336/labs/lab8/api/favoritesAPI.php(36): PDOStatement->fetchAll(2)
#1 {main}
  thrown in /home/ubuntu/workspace/cst336/labs/lab8/api/favoritesAPI.php on line 36
[27-Apr-2019 23:09:45 UTC] PHP Fatal error:  Uncaught exception 'PDOException' with message 'SQLSTATE[HY000]: General error' in /home/ubuntu/workspace/cst336/labs/lab8/api/favoritesAPI.php:36
Stack trace:
#0 /home/ubuntu/workspace/cst336/labs/lab8/api/favoritesAPI.php(36): PDOStatement->fetchAll(2)
#1 {main}
  thrown in /home/ubuntu/workspace/cst336/labs/lab8/api/favoritesAPI.php on line 36
[27-Apr-2019 23:09:53 UTC] PHP Fatal error:  Uncaught exception 'PDOException' with message 'SQLSTATE[HY000]: General error' in /home/ubuntu/workspace/cst336/labs/lab8/api/favoritesAPI.php:36
Stack trace:
#0 /home/ubuntu/workspace/cst336/labs/lab8/api/favoritesAPI.php(36): PDOStatement->fetchAll(2)
#1 {main}
  thrown in /home/ubuntu/workspace/cst336/labs/lab8/api/favoritesAPI.php on line 36
[27-Apr-2019 23:09:54 UTC] PHP Fatal error:  Uncaught exception 'PDOException' with message 'SQLSTATE[HY000]: General error' in /home/ubuntu/workspace/cst336/labs/lab8/api/favoritesAPI.php:36
Stack trace:
#0 /home/ubuntu/workspace/cst336/labs/lab8/api/favoritesAPI.php(36): PDOStatement->fetchAll(2)
#1 {main}
  thrown in /home/ubuntu/workspace/cst336/labs/lab8/api/favoritesAPI.php on line 36
